{"contracts/facades/RewardLike.sol":{"l":{},"path":"/home/justin/weidai ecosystem/LiquidQueue/contracts/facades/RewardLike.sol","s":{},"b":{},"f":{},"fnMap":{},"statementMap":{},"branchMap":{}},"contracts/facades/SluiceGateLike.sol":{"l":{},"path":"/home/justin/weidai ecosystem/LiquidQueue/contracts/facades/SluiceGateLike.sol","s":{},"b":{},"f":{},"fnMap":{},"statementMap":{},"branchMap":{}},"contracts/openzeppelin/ERC20.sol":{"l":{"16":342,"17":342,"18":342,"19":342,"30":815,"40":777,"41":777,"50":0,"54":141,"55":141,"63":178,"67":178,"68":178,"76":955,"77":955,"78":476,"79":476,"81":955,"82":955,"83":955,"84":955,"88":76,"89":76,"93":0,"94":0,"95":0},"path":"/home/justin/weidai ecosystem/LiquidQueue/contracts/openzeppelin/ERC20.sol","s":{"1":342,"2":342,"3":342,"4":342,"5":815,"6":777,"7":777,"8":0,"9":141,"10":141,"11":178,"12":178,"13":178,"14":955,"15":955,"16":476,"17":476,"18":955,"19":955,"20":955,"21":955,"22":76,"23":76,"24":0,"25":0,"26":0},"b":{"1":[178,0],"2":[476,479],"3":[0,0]},"f":{"1":342,"2":815,"3":777,"4":0,"5":141,"6":178,"7":955,"8":76,"9":0},"fnMap":{"1":{"name":"constructor","line":10,"loc":{"start":{"line":10,"column":4},"end":{"line":20,"column":4}}},"2":{"name":"balanceOf","line":29,"loc":{"start":{"line":29,"column":4},"end":{"line":31,"column":4}}},"3":{"name":"transfer","line":35,"loc":{"start":{"line":35,"column":4},"end":{"line":42,"column":4}}},"4":{"name":"allowance","line":44,"loc":{"start":{"line":44,"column":4},"end":{"line":51,"column":4}}},"5":{"name":"approve","line":53,"loc":{"start":{"line":53,"column":4},"end":{"line":56,"column":4}}},"6":{"name":"transferFrom","line":58,"loc":{"start":{"line":58,"column":4},"end":{"line":69,"column":4}}},"7":{"name":"_transfer","line":71,"loc":{"start":{"line":71,"column":4},"end":{"line":85,"column":4}}},"8":{"name":"_mint","line":87,"loc":{"start":{"line":87,"column":4},"end":{"line":90,"column":4}}},"9":{"name":"_burn","line":92,"loc":{"start":{"line":92,"column":4},"end":{"line":96,"column":4}}}},"statementMap":{"1":{"start":{"line":16,"column":8},"end":{"line":16,"column":19}},"2":{"start":{"line":17,"column":8},"end":{"line":17,"column":23}},"3":{"start":{"line":18,"column":8},"end":{"line":18,"column":39}},"4":{"start":{"line":19,"column":8},"end":{"line":19,"column":39}},"5":{"start":{"line":30,"column":8},"end":{"line":30,"column":32}},"6":{"start":{"line":40,"column":8},"end":{"line":40,"column":47}},"7":{"start":{"line":41,"column":8},"end":{"line":41,"column":19}},"8":{"start":{"line":50,"column":8},"end":{"line":50,"column":48}},"9":{"start":{"line":54,"column":8},"end":{"line":54,"column":54}},"10":{"start":{"line":55,"column":8},"end":{"line":55,"column":19}},"11":{"start":{"line":63,"column":8},"end":{"line":63,"column":1550}},"12":{"start":{"line":67,"column":8},"end":{"line":67,"column":43}},"13":{"start":{"line":68,"column":8},"end":{"line":68,"column":19}},"14":{"start":{"line":76,"column":8},"end":{"line":76,"column":69}},"15":{"start":{"line":77,"column":8},"end":{"line":77,"column":1929}},"16":{"start":{"line":78,"column":12},"end":{"line":78,"column":19}},"17":{"start":{"line":79,"column":12},"end":{"line":79,"column":29}},"18":{"start":{"line":81,"column":8},"end":{"line":81,"column":40}},"19":{"start":{"line":82,"column":8},"end":{"line":82,"column":31}},"20":{"start":{"line":83,"column":8},"end":{"line":83,"column":32}},"21":{"start":{"line":84,"column":8},"end":{"line":84,"column":38}},"22":{"start":{"line":88,"column":8},"end":{"line":88,"column":32}},"23":{"start":{"line":89,"column":8},"end":{"line":89,"column":27}},"24":{"start":{"line":93,"column":8},"end":{"line":93,"column":32}},"25":{"start":{"line":94,"column":8},"end":{"line":94,"column":60}},"26":{"start":{"line":95,"column":8},"end":{"line":95,"column":27}}},"branchMap":{"1":{"line":63,"type":"if","locations":[{"start":{"line":63,"column":8},"end":{"line":63,"column":8}},{"start":{"line":63,"column":8},"end":{"line":63,"column":8}}]},"2":{"line":77,"type":"if","locations":[{"start":{"line":77,"column":8},"end":{"line":77,"column":8}},{"start":{"line":77,"column":8},"end":{"line":77,"column":8}}]},"3":{"line":94,"type":"if","locations":[{"start":{"line":94,"column":8},"end":{"line":94,"column":8}},{"start":{"line":94,"column":8},"end":{"line":94,"column":8}}]}}},"contracts/openzeppelin/IERC20.sol":{"l":{},"path":"/home/justin/weidai ecosystem/LiquidQueue/contracts/openzeppelin/IERC20.sol","s":{},"b":{},"f":{},"fnMap":{},"statementMap":{},"branchMap":{}},"contracts/openzeppelin/Ownable.sol":{"l":{"13":183,"14":183,"19":0,"26":364,"27":364,"38":0,"39":0,"47":0,"48":0,"49":0},"path":"/home/justin/weidai ecosystem/LiquidQueue/contracts/openzeppelin/Ownable.sol","s":{"1":183,"2":183,"3":0,"4":364,"5":0,"6":0,"7":0,"8":0,"9":0},"b":{"1":[364,0],"2":[0,0]},"f":{"1":183,"2":0,"3":364,"4":0,"5":0},"fnMap":{"1":{"name":"constructor","line":12,"loc":{"start":{"line":12,"column":4},"end":{"line":15,"column":4}}},"2":{"name":"owner","line":18,"loc":{"start":{"line":18,"column":4},"end":{"line":20,"column":4}}},"3":{"name":"onlyOwner","line":25,"loc":{"start":{"line":25,"column":4},"end":{"line":28,"column":4}}},"4":{"name":"renounceOwnership","line":37,"loc":{"start":{"line":37,"column":4},"end":{"line":40,"column":4}}},"5":{"name":"transferOwnership","line":46,"loc":{"start":{"line":46,"column":4},"end":{"line":50,"column":4}}}},"statementMap":{"1":{"start":{"line":13,"column":8},"end":{"line":13,"column":26}},"2":{"start":{"line":14,"column":8},"end":{"line":14,"column":57}},"3":{"start":{"line":19,"column":8},"end":{"line":19,"column":21}},"4":{"start":{"line":26,"column":8},"end":{"line":26,"column":72}},"5":{"start":{"line":38,"column":8},"end":{"line":38,"column":53}},"6":{"start":{"line":39,"column":8},"end":{"line":39,"column":26}},"7":{"start":{"line":47,"column":8},"end":{"line":47,"column":80}},"8":{"start":{"line":48,"column":8},"end":{"line":48,"column":51}},"9":{"start":{"line":49,"column":8},"end":{"line":49,"column":24}}},"branchMap":{"1":{"line":26,"type":"if","locations":[{"start":{"line":26,"column":8},"end":{"line":26,"column":8}},{"start":{"line":26,"column":8},"end":{"line":26,"column":8}}]},"2":{"line":47,"type":"if","locations":[{"start":{"line":47,"column":8},"end":{"line":47,"column":8}},{"start":{"line":47,"column":8},"end":{"line":47,"column":8}}]}}},"contracts/openzeppelin/SafeMath.sol":{"l":{"31":0,"32":0,"34":0,"48":0,"62":0,"63":0,"65":0,"82":183,"83":0,"86":183,"87":183,"89":183,"105":180,"121":180,"122":180,"125":180,"141":0,"157":0,"158":0},"path":"/home/justin/weidai ecosystem/LiquidQueue/contracts/openzeppelin/SafeMath.sol","s":{"1":0,"2":0,"3":0,"4":0,"5":0,"6":0,"7":0,"8":183,"9":0,"10":183,"11":183,"12":183,"13":180,"14":180,"15":180,"16":180,"17":0,"18":0,"19":0},"b":{"1":[0,0],"2":[0,0],"3":[0,183],"4":[183,0],"5":[180,0],"6":[0,0]},"f":{"1":0,"2":0,"3":0,"4":183,"5":180,"6":180,"7":0,"8":0},"fnMap":{"1":{"name":"add","line":30,"loc":{"start":{"line":30,"column":4},"end":{"line":35,"column":4}}},"2":{"name":"sub","line":47,"loc":{"start":{"line":47,"column":4},"end":{"line":49,"column":4}}},"3":{"name":"sub","line":61,"loc":{"start":{"line":61,"column":4},"end":{"line":66,"column":4}}},"4":{"name":"mul","line":78,"loc":{"start":{"line":78,"column":4},"end":{"line":90,"column":4}}},"5":{"name":"div","line":104,"loc":{"start":{"line":104,"column":4},"end":{"line":106,"column":4}}},"6":{"name":"div","line":120,"loc":{"start":{"line":120,"column":4},"end":{"line":126,"column":4}}},"7":{"name":"mod","line":140,"loc":{"start":{"line":140,"column":4},"end":{"line":142,"column":4}}},"8":{"name":"mod","line":156,"loc":{"start":{"line":156,"column":4},"end":{"line":159,"column":4}}}},"statementMap":{"1":{"start":{"line":31,"column":8},"end":{"line":31,"column":25}},"2":{"start":{"line":32,"column":8},"end":{"line":32,"column":53}},"3":{"start":{"line":34,"column":8},"end":{"line":34,"column":16}},"4":{"start":{"line":48,"column":8},"end":{"line":48,"column":58}},"5":{"start":{"line":62,"column":8},"end":{"line":62,"column":36}},"6":{"start":{"line":63,"column":8},"end":{"line":63,"column":25}},"7":{"start":{"line":65,"column":8},"end":{"line":65,"column":16}},"8":{"start":{"line":82,"column":8},"end":{"line":82,"column":2485}},"9":{"start":{"line":83,"column":12},"end":{"line":83,"column":20}},"10":{"start":{"line":86,"column":8},"end":{"line":86,"column":25}},"11":{"start":{"line":87,"column":8},"end":{"line":87,"column":63}},"12":{"start":{"line":89,"column":8},"end":{"line":89,"column":16}},"13":{"start":{"line":105,"column":8},"end":{"line":105,"column":54}},"14":{"start":{"line":121,"column":8},"end":{"line":121,"column":35}},"15":{"start":{"line":122,"column":8},"end":{"line":122,"column":25}},"16":{"start":{"line":125,"column":8},"end":{"line":125,"column":16}},"17":{"start":{"line":141,"column":8},"end":{"line":141,"column":52}},"18":{"start":{"line":157,"column":8},"end":{"line":157,"column":36}},"19":{"start":{"line":158,"column":8},"end":{"line":158,"column":20}}},"branchMap":{"1":{"line":32,"type":"if","locations":[{"start":{"line":32,"column":8},"end":{"line":32,"column":8}},{"start":{"line":32,"column":8},"end":{"line":32,"column":8}}]},"2":{"line":62,"type":"if","locations":[{"start":{"line":62,"column":8},"end":{"line":62,"column":8}},{"start":{"line":62,"column":8},"end":{"line":62,"column":8}}]},"3":{"line":82,"type":"if","locations":[{"start":{"line":82,"column":8},"end":{"line":82,"column":8}},{"start":{"line":82,"column":8},"end":{"line":82,"column":8}}]},"4":{"line":87,"type":"if","locations":[{"start":{"line":87,"column":8},"end":{"line":87,"column":8}},{"start":{"line":87,"column":8},"end":{"line":87,"column":8}}]},"5":{"line":121,"type":"if","locations":[{"start":{"line":121,"column":8},"end":{"line":121,"column":8}},{"start":{"line":121,"column":8},"end":{"line":121,"column":8}}]},"6":{"line":157,"type":"if","locations":[{"start":{"line":157,"column":8},"end":{"line":157,"column":8}},{"start":{"line":157,"column":8},"end":{"line":157,"column":8}}]}}},"contracts/phase1/LiquidQueue.sol":{"l":{"22":170,"26":169,"30":169,"31":168,"35":11,"36":10,"73":30,"77":10,"81":13,"85":9,"89":10,"100":19,"104":19,"105":19,"106":19,"107":9,"112":8,"117":8,"119":18,"120":18,"121":18,"122":18,"132":168,"133":168,"134":168,"137":168,"138":168,"139":168,"140":161,"143":161,"146":161,"147":133,"151":133,"152":133,"158":161,"163":66,"167":95,"172":168,"173":39,"174":39,"175":4,"176":4,"181":168,"186":0,"187":0,"192":0,"196":168,"197":133,"198":133,"201":168,"213":168,"214":168,"215":35,"216":35,"218":133,"222":133,"226":133,"233":10,"234":10,"235":10,"236":10,"237":10,"254":142,"279":21,"280":21,"281":9,"282":9,"283":9,"284":9,"285":9,"286":9,"287":9,"288":9,"293":143,"294":143,"295":143,"297":12,"304":143,"312":266},"path":"/home/justin/weidai ecosystem/LiquidQueue/contracts/phase1/LiquidQueue.sol","s":{"1":170,"2":169,"3":11,"4":30,"5":10,"6":13,"7":9,"8":10,"9":19,"10":19,"11":19,"12":19,"13":9,"14":8,"15":8,"16":18,"17":18,"18":18,"19":18,"20":168,"21":168,"22":168,"23":168,"24":168,"25":168,"26":161,"27":161,"28":161,"29":133,"30":133,"31":133,"32":161,"33":66,"34":95,"35":168,"36":39,"37":39,"38":4,"39":4,"40":168,"41":0,"42":0,"43":0,"44":0,"45":168,"46":133,"47":133,"48":168,"49":168,"50":168,"51":35,"52":35,"53":133,"54":133,"55":133,"56":10,"57":10,"58":10,"59":10,"60":10,"61":142,"62":21,"63":21,"64":9,"65":9,"66":9,"67":9,"68":9,"69":9,"70":9,"71":9,"72":143,"73":143,"74":143,"75":12,"76":12,"77":143,"78":266},"b":{"1":[169,1],"2":[168,1],"3":[10,1],"4":[19,0],"5":[9,10],"6":[8,1],"7":[161,7],"8":[133,28],"9":[66,95],"10":[39,129],"11":[4,35],"12":[0,168],"13":[0,0],"14":[0,0],"15":[133,35],"16":[35,133],"17":[9,12],"18":[12,131],"19":[12,0]},"f":{"1":170,"2":169,"3":11,"4":30,"5":10,"6":13,"7":9,"8":10,"9":19,"10":168,"11":10,"12":142,"13":21,"14":143,"15":266},"fnMap":{"1":{"name":"onlyMintingModule","line":21,"loc":{"start":{"line":21,"column":4},"end":{"line":27,"column":4}}},"2":{"name":"mustBeUnpaused","line":29,"loc":{"start":{"line":29,"column":4},"end":{"line":32,"column":4}}},"3":{"name":"mustBePaused","line":34,"loc":{"start":{"line":34,"column":4},"end":{"line":37,"column":4}}},"4":{"name":"constructor","line":72,"loc":{"start":{"line":72,"column":4},"end":{"line":74,"column":4}}},"5":{"name":"setReward","line":76,"loc":{"start":{"line":76,"column":4},"end":{"line":78,"column":4}}},"6":{"name":"pause","line":80,"loc":{"start":{"line":80,"column":4},"end":{"line":82,"column":4}}},"7":{"name":"unpause","line":84,"loc":{"start":{"line":84,"column":4},"end":{"line":86,"column":4}}},"8":{"name":"setMintingModule","line":88,"loc":{"start":{"line":88,"column":4},"end":{"line":90,"column":4}}},"9":{"name":"configure","line":99,"loc":{"start":{"line":92,"column":4},"end":{"line":123,"column":4}}},"10":{"name":"join","line":129,"loc":{"start":{"line":126,"column":4},"end":{"line":228,"column":4}}},"11":{"name":"pop","line":232,"loc":{"start":{"line":232,"column":4},"end":{"line":238,"column":4}}},"12":{"name":"getQueueData","line":240,"loc":{"start":{"line":240,"column":4},"end":{"line":264,"column":4}}},"13":{"name":"getBatch","line":266,"loc":{"start":{"line":266,"column":4},"end":{"line":290,"column":4}}},"14":{"name":"payLeaver","line":292,"loc":{"start":{"line":292,"column":4},"end":{"line":305,"column":4}}},"15":{"name":"circleIncrement","line":307,"loc":{"start":{"line":307,"column":4},"end":{"line":313,"column":4}}}},"statementMap":{"1":{"start":{"line":22,"column":8},"end":{"line":22,"column":989}},"2":{"start":{"line":30,"column":8},"end":{"line":30,"column":57}},"3":{"start":{"line":35,"column":8},"end":{"line":35,"column":58}},"4":{"start":{"line":73,"column":8},"end":{"line":73,"column":34}},"5":{"start":{"line":77,"column":8},"end":{"line":77,"column":37}},"6":{"start":{"line":81,"column":8},"end":{"line":81,"column":20}},"7":{"start":{"line":85,"column":8},"end":{"line":85,"column":21}},"8":{"start":{"line":89,"column":8},"end":{"line":89,"column":24}},"9":{"start":{"line":100,"column":8},"end":{"line":100,"column":2875}},"10":{"start":{"line":104,"column":8},"end":{"line":104,"column":30}},"11":{"start":{"line":105,"column":8},"end":{"line":105,"column":50}},"12":{"start":{"line":106,"column":8},"end":{"line":106,"column":3083}},"13":{"start":{"line":107,"column":12},"end":{"line":107,"column":3136}},"14":{"start":{"line":112,"column":12},"end":{"line":112,"column":3348}},"15":{"start":{"line":117,"column":12},"end":{"line":117,"column":76}},"16":{"start":{"line":119,"column":8},"end":{"line":119,"column":28}},"17":{"start":{"line":120,"column":8},"end":{"line":120,"column":68}},"18":{"start":{"line":121,"column":8},"end":{"line":121,"column":40}},"19":{"start":{"line":122,"column":8},"end":{"line":122,"column":50}},"20":{"start":{"line":132,"column":8},"end":{"line":132,"column":48}},"21":{"start":{"line":133,"column":8},"end":{"line":133,"column":55}},"22":{"start":{"line":134,"column":8},"end":{"line":134,"column":63}},"23":{"start":{"line":137,"column":8},"end":{"line":137,"column":51}},"24":{"start":{"line":138,"column":8},"end":{"line":138,"column":37}},"25":{"start":{"line":139,"column":8},"end":{"line":139,"column":4487}},"26":{"start":{"line":140,"column":12},"end":{"line":140,"column":4594}},"27":{"start":{"line":143,"column":12},"end":{"line":143,"column":4696}},"28":{"start":{"line":146,"column":12},"end":{"line":146,"column":4802}},"29":{"start":{"line":147,"column":16},"end":{"line":147,"column":4928}},"30":{"start":{"line":151,"column":16},"end":{"line":151,"column":62}},"31":{"start":{"line":152,"column":16},"end":{"line":152,"column":5188}},"32":{"start":{"line":158,"column":12},"end":{"line":158,"column":5390}},"33":{"start":{"line":163,"column":16},"end":{"line":163,"column":5613}},"34":{"start":{"line":167,"column":16},"end":{"line":167,"column":39}},"35":{"start":{"line":172,"column":8},"end":{"line":172,"column":5895}},"36":{"start":{"line":173,"column":12},"end":{"line":173,"column":76}},"37":{"start":{"line":174,"column":12},"end":{"line":174,"column":6018}},"38":{"start":{"line":175,"column":16},"end":{"line":175,"column":43}},"39":{"start":{"line":176,"column":16},"end":{"line":176,"column":51}},"40":{"start":{"line":181,"column":8},"end":{"line":181,"column":6285}},"41":{"start":{"line":186,"column":12},"end":{"line":186,"column":6459}},"42":{"start":{"line":187,"column":16},"end":{"line":187,"column":65}},"43":{"start":{"line":188,"column":17},"end":{"line":188,"column":6587}},"44":{"start":{"line":192,"column":16},"end":{"line":192,"column":42}},"45":{"start":{"line":196,"column":8},"end":{"line":196,"column":6803}},"46":{"start":{"line":197,"column":12},"end":{"line":197,"column":72}},"47":{"start":{"line":198,"column":12},"end":{"line":198,"column":28}},"48":{"start":{"line":201,"column":8},"end":{"line":201,"column":6984}},"49":{"start":{"line":213,"column":8},"end":{"line":213,"column":63}},"50":{"start":{"line":214,"column":8},"end":{"line":214,"column":7487}},"51":{"start":{"line":215,"column":12},"end":{"line":215,"column":40}},"52":{"start":{"line":216,"column":12},"end":{"line":216,"column":62}},"53":{"start":{"line":218,"column":12},"end":{"line":218,"column":7678}},"54":{"start":{"line":222,"column":12},"end":{"line":222,"column":7818}},"55":{"start":{"line":226,"column":12},"end":{"line":226,"column":59}},"56":{"start":{"line":233,"column":8},"end":{"line":233,"column":57}},"57":{"start":{"line":234,"column":8},"end":{"line":234,"column":29}},"58":{"start":{"line":235,"column":8},"end":{"line":235,"column":51}},"59":{"start":{"line":236,"column":8},"end":{"line":236,"column":64}},"60":{"start":{"line":237,"column":8},"end":{"line":237,"column":62}},"61":{"start":{"line":254,"column":8},"end":{"line":254,"column":8863}},"62":{"start":{"line":279,"column":8},"end":{"line":279,"column":26}},"63":{"start":{"line":280,"column":8},"end":{"line":280,"column":9523}},"64":{"start":{"line":281,"column":12},"end":{"line":281,"column":42}},"65":{"start":{"line":282,"column":12},"end":{"line":282,"column":38}},"66":{"start":{"line":283,"column":12},"end":{"line":283,"column":24}},"67":{"start":{"line":284,"column":12},"end":{"line":284,"column":32}},"68":{"start":{"line":285,"column":12},"end":{"line":285,"column":46}},"69":{"start":{"line":286,"column":12},"end":{"line":286,"column":54}},"70":{"start":{"line":287,"column":12},"end":{"line":287,"column":50}},"71":{"start":{"line":288,"column":12},"end":{"line":288,"column":28}},"72":{"start":{"line":293,"column":8},"end":{"line":293,"column":66}},"73":{"start":{"line":294,"column":8},"end":{"line":294,"column":75}},"74":{"start":{"line":295,"column":8},"end":{"line":295,"column":10204}},"75":{"start":{"line":297,"column":12},"end":{"line":297,"column":10362}},"76":{"start":{"line":302,"column":14},"end":{"line":302,"column":74}},"77":{"start":{"line":304,"column":8},"end":{"line":304,"column":63}},"78":{"start":{"line":312,"column":8},"end":{"line":312,"column":32}}},"branchMap":{"1":{"line":22,"type":"if","locations":[{"start":{"line":22,"column":8},"end":{"line":22,"column":8}},{"start":{"line":22,"column":8},"end":{"line":22,"column":8}}]},"2":{"line":30,"type":"if","locations":[{"start":{"line":30,"column":8},"end":{"line":30,"column":8}},{"start":{"line":30,"column":8},"end":{"line":30,"column":8}}]},"3":{"line":35,"type":"if","locations":[{"start":{"line":35,"column":8},"end":{"line":35,"column":8}},{"start":{"line":35,"column":8},"end":{"line":35,"column":8}}]},"4":{"line":100,"type":"if","locations":[{"start":{"line":100,"column":8},"end":{"line":100,"column":8}},{"start":{"line":100,"column":8},"end":{"line":100,"column":8}}]},"5":{"line":106,"type":"if","locations":[{"start":{"line":106,"column":8},"end":{"line":106,"column":8}},{"start":{"line":106,"column":8},"end":{"line":106,"column":8}}]},"6":{"line":107,"type":"if","locations":[{"start":{"line":107,"column":12},"end":{"line":107,"column":12}},{"start":{"line":107,"column":12},"end":{"line":107,"column":12}}]},"7":{"line":139,"type":"if","locations":[{"start":{"line":139,"column":8},"end":{"line":139,"column":8}},{"start":{"line":139,"column":8},"end":{"line":139,"column":8}}]},"8":{"line":146,"type":"if","locations":[{"start":{"line":146,"column":12},"end":{"line":146,"column":12}},{"start":{"line":146,"column":12},"end":{"line":146,"column":12}}]},"9":{"line":158,"type":"if","locations":[{"start":{"line":158,"column":12},"end":{"line":158,"column":12}},{"start":{"line":158,"column":12},"end":{"line":158,"column":12}}]},"10":{"line":172,"type":"if","locations":[{"start":{"line":172,"column":8},"end":{"line":172,"column":8}},{"start":{"line":172,"column":8},"end":{"line":172,"column":8}}]},"11":{"line":174,"type":"if","locations":[{"start":{"line":174,"column":12},"end":{"line":174,"column":12}},{"start":{"line":174,"column":12},"end":{"line":174,"column":12}}]},"12":{"line":181,"type":"if","locations":[{"start":{"line":181,"column":8},"end":{"line":181,"column":8}},{"start":{"line":181,"column":8},"end":{"line":181,"column":8}}]},"13":{"line":186,"type":"if","locations":[{"start":{"line":186,"column":12},"end":{"line":186,"column":12}},{"start":{"line":186,"column":12},"end":{"line":186,"column":12}}]},"14":{"line":188,"type":"if","locations":[{"start":{"line":188,"column":17},"end":{"line":188,"column":17}},{"start":{"line":188,"column":17},"end":{"line":188,"column":17}}]},"15":{"line":196,"type":"if","locations":[{"start":{"line":196,"column":8},"end":{"line":196,"column":8}},{"start":{"line":196,"column":8},"end":{"line":196,"column":8}}]},"16":{"line":214,"type":"if","locations":[{"start":{"line":214,"column":8},"end":{"line":214,"column":8}},{"start":{"line":214,"column":8},"end":{"line":214,"column":8}}]},"17":{"line":280,"type":"if","locations":[{"start":{"line":280,"column":8},"end":{"line":280,"column":8}},{"start":{"line":280,"column":8},"end":{"line":280,"column":8}}]},"18":{"line":295,"type":"if","locations":[{"start":{"line":295,"column":8},"end":{"line":295,"column":8}},{"start":{"line":295,"column":8},"end":{"line":295,"column":8}}]},"19":{"line":297,"type":"if","locations":[{"start":{"line":297,"column":12},"end":{"line":297,"column":12}},{"start":{"line":297,"column":12},"end":{"line":297,"column":12}}]}}},"contracts/phase1/MintingModule.sol":{"l":{"41":182,"42":182,"43":182,"44":176,"48":182,"53":181,"62":20,"63":20,"64":20,"65":20,"69":20,"80":60,"81":60,"82":60,"83":60,"84":60,"85":60,"86":60,"87":60,"88":60,"96":240,"97":240,"98":240,"99":180,"104":1,"114":181,"115":3,"116":3,"120":2,"124":1,"125":1,"127":178,"129":179,"137":179,"138":179,"144":178,"146":178,"149":178,"152":178,"153":178,"154":178,"156":178,"159":177,"160":177,"165":177,"170":177,"171":177,"173":177,"174":177,"176":177,"177":177,"179":177},"path":"/home/justin/weidai ecosystem/LiquidQueue/contracts/phase1/MintingModule.sol","s":{"1":182,"2":182,"3":176,"4":182,"5":20,"6":20,"7":20,"8":20,"9":20,"10":60,"11":60,"12":60,"13":60,"14":60,"15":60,"16":60,"17":60,"18":60,"19":240,"20":240,"21":240,"22":180,"23":1,"24":181,"25":3,"26":3,"27":2,"28":1,"29":1,"30":178,"31":179,"32":179,"33":179,"34":178,"35":178,"36":178,"37":178,"38":178,"39":178,"40":178,"41":177,"42":177,"43":177,"44":177,"45":177,"46":177,"47":177,"48":177,"49":177,"50":177},"b":{"1":[182,0],"2":[181,1],"3":[20,0],"4":[180,60],"5":[3,178],"6":[2,1],"7":[1,1],"8":[178,1],"9":[177,0]},"f":{"1":182,"2":182,"3":20,"4":60,"5":240,"6":1,"7":181,"8":179},"fnMap":{"1":{"name":"lock","line":40,"loc":{"start":{"line":40,"column":4},"end":{"line":45,"column":4}}},"2":{"name":"gateKeep","line":47,"loc":{"start":{"line":47,"column":4},"end":{"line":54,"column":4}}},"3":{"name":"seed","line":61,"loc":{"start":{"line":56,"column":4},"end":{"line":70,"column":4}}},"4":{"name":"constructor","line":72,"loc":{"start":{"line":72,"column":4},"end":{"line":89,"column":4}}},"5":{"name":"mapTokens","line":95,"loc":{"start":{"line":91,"column":4},"end":{"line":101,"column":4}}},"6":{"name":"setSluiceGate","line":103,"loc":{"start":{"line":103,"column":4},"end":{"line":105,"column":4}}},"7":{"name":"purchaseLP","line":112,"loc":{"start":{"line":108,"column":4},"end":{"line":130,"column":4}}},"8":{"name":"purchaseLPFor","line":132,"loc":{"start":{"line":132,"column":4},"end":{"line":180,"column":4}}}},"statementMap":{"1":{"start":{"line":41,"column":8},"end":{"line":41,"column":57}},"2":{"start":{"line":42,"column":8},"end":{"line":42,"column":20}},"3":{"start":{"line":44,"column":8},"end":{"line":44,"column":21}},"4":{"start":{"line":48,"column":8},"end":{"line":48,"column":1466}},"5":{"start":{"line":62,"column":8},"end":{"line":62,"column":50}},"6":{"start":{"line":63,"column":8},"end":{"line":63,"column":42}},"7":{"start":{"line":64,"column":8},"end":{"line":64,"column":49}},"8":{"start":{"line":65,"column":8},"end":{"line":65,"column":1959}},"9":{"start":{"line":69,"column":8},"end":{"line":69,"column":39}},"10":{"start":{"line":80,"column":8},"end":{"line":80,"column":49}},"11":{"start":{"line":81,"column":8},"end":{"line":81,"column":50}},"12":{"start":{"line":82,"column":8},"end":{"line":82,"column":43}},"13":{"start":{"line":83,"column":8},"end":{"line":83,"column":31}},"14":{"start":{"line":84,"column":8},"end":{"line":84,"column":32}},"15":{"start":{"line":85,"column":8},"end":{"line":85,"column":31}},"16":{"start":{"line":86,"column":8},"end":{"line":86,"column":31}},"17":{"start":{"line":87,"column":8},"end":{"line":87,"column":26}},"18":{"start":{"line":88,"column":8},"end":{"line":88,"column":26}},"19":{"start":{"line":96,"column":8},"end":{"line":96,"column":41}},"20":{"start":{"line":97,"column":8},"end":{"line":97,"column":39}},"21":{"start":{"line":98,"column":8},"end":{"line":98,"column":2849}},"22":{"start":{"line":99,"column":12},"end":{"line":99,"column":51}},"23":{"start":{"line":104,"column":8},"end":{"line":104,"column":37}},"24":{"start":{"line":114,"column":8},"end":{"line":114,"column":3279}},"25":{"start":{"line":115,"column":12},"end":{"line":115,"column":54}},"26":{"start":{"line":116,"column":12},"end":{"line":116,"column":3372}},"27":{"start":{"line":120,"column":12},"end":{"line":120,"column":3524}},"28":{"start":{"line":124,"column":12},"end":{"line":124,"column":41}},"29":{"start":{"line":125,"column":12},"end":{"line":125,"column":43}},"30":{"start":{"line":127,"column":12},"end":{"line":127,"column":77}},"31":{"start":{"line":129,"column":8},"end":{"line":129,"column":52}},"32":{"start":{"line":137,"column":8},"end":{"line":137,"column":58}},"33":{"start":{"line":138,"column":8},"end":{"line":138,"column":4096}},"34":{"start":{"line":144,"column":8},"end":{"line":144,"column":33}},"35":{"start":{"line":146,"column":8},"end":{"line":146,"column":4374}},"36":{"start":{"line":149,"column":8},"end":{"line":149,"column":4511}},"37":{"start":{"line":152,"column":8},"end":{"line":152,"column":72}},"38":{"start":{"line":153,"column":8},"end":{"line":153,"column":70}},"39":{"start":{"line":154,"column":8},"end":{"line":154,"column":70}},"40":{"start":{"line":156,"column":8},"end":{"line":156,"column":4906}},"41":{"start":{"line":159,"column":8},"end":{"line":159,"column":59}},"42":{"start":{"line":160,"column":8},"end":{"line":160,"column":5016}},"43":{"start":{"line":165,"column":8},"end":{"line":165,"column":5194}},"44":{"start":{"line":170,"column":8},"end":{"line":170,"column":79}},"45":{"start":{"line":171,"column":8},"end":{"line":171,"column":62}},"46":{"start":{"line":173,"column":8},"end":{"line":173,"column":62}},"47":{"start":{"line":174,"column":8},"end":{"line":174,"column":69}},"48":{"start":{"line":176,"column":8},"end":{"line":176,"column":36}},"49":{"start":{"line":177,"column":8},"end":{"line":177,"column":50}},"50":{"start":{"line":179,"column":8},"end":{"line":179,"column":71}}},"branchMap":{"1":{"line":41,"type":"if","locations":[{"start":{"line":41,"column":8},"end":{"line":41,"column":8}},{"start":{"line":41,"column":8},"end":{"line":41,"column":8}}]},"2":{"line":48,"type":"if","locations":[{"start":{"line":48,"column":8},"end":{"line":48,"column":8}},{"start":{"line":48,"column":8},"end":{"line":48,"column":8}}]},"3":{"line":65,"type":"if","locations":[{"start":{"line":65,"column":8},"end":{"line":65,"column":8}},{"start":{"line":65,"column":8},"end":{"line":65,"column":8}}]},"4":{"line":98,"type":"if","locations":[{"start":{"line":98,"column":8},"end":{"line":98,"column":8}},{"start":{"line":98,"column":8},"end":{"line":98,"column":8}}]},"5":{"line":114,"type":"if","locations":[{"start":{"line":114,"column":8},"end":{"line":114,"column":8}},{"start":{"line":114,"column":8},"end":{"line":114,"column":8}}]},"6":{"line":116,"type":"if","locations":[{"start":{"line":116,"column":12},"end":{"line":116,"column":12}},{"start":{"line":116,"column":12},"end":{"line":116,"column":12}}]},"7":{"line":120,"type":"if","locations":[{"start":{"line":120,"column":12},"end":{"line":120,"column":12}},{"start":{"line":120,"column":12},"end":{"line":120,"column":12}}]},"8":{"line":138,"type":"if","locations":[{"start":{"line":138,"column":8},"end":{"line":138,"column":8}},{"start":{"line":138,"column":8},"end":{"line":138,"column":8}}]},"9":{"line":160,"type":"if","locations":[{"start":{"line":160,"column":8},"end":{"line":160,"column":8}},{"start":{"line":160,"column":8},"end":{"line":160,"column":8}}]}}},"contracts/phase1/Reward.sol":{"l":{"22":78,"34":26,"35":26,"36":26,"37":26,"38":26,"42":385,"46":384,"50":195,"51":193,"60":192,"61":192,"69":178,"70":178,"74":177,"78":177,"87":14,"88":14,"89":13,"90":13,"91":13,"93":0,"97":1,"98":1,"102":2},"path":"/home/justin/weidai ecosystem/LiquidQueue/contracts/phase1/Reward.sol","s":{"1":78,"2":26,"3":26,"4":26,"5":26,"6":26,"7":385,"8":195,"9":192,"10":192,"11":178,"12":178,"13":177,"14":177,"15":14,"16":14,"17":13,"18":13,"19":13,"20":0,"21":1,"22":1,"23":2},"b":{"1":[384,1],"2":[193,2],"3":[177,1],"4":[177,0],"5":[13,1],"6":[13,0]},"f":{"1":78,"2":26,"3":385,"4":195,"5":192,"6":178,"7":14,"8":1,"9":2},"fnMap":{"1":{"name":"constructor","line":21,"loc":{"start":{"line":21,"column":4},"end":{"line":23,"column":4}}},"2":{"name":"seed","line":33,"loc":{"start":{"line":27,"column":4},"end":{"line":39,"column":4}}},"3":{"name":"onlyValidTokens","line":41,"loc":{"start":{"line":41,"column":4},"end":{"line":47,"column":4}}},"4":{"name":"isEnabled","line":49,"loc":{"start":{"line":49,"column":4},"end":{"line":52,"column":4}}},"5":{"name":"canReward","line":57,"loc":{"start":{"line":54,"column":4},"end":{"line":62,"column":4}}},"6":{"name":"requestReward","line":67,"loc":{"start":{"line":64,"column":4},"end":{"line":79,"column":4}}},"7":{"name":"requestSlowQueueReward","line":84,"loc":{"start":{"line":81,"column":4},"end":{"line":94,"column":4}}},"8":{"name":"withdraw","line":96,"loc":{"start":{"line":96,"column":4},"end":{"line":99,"column":4}}},"9":{"name":"toggle","line":101,"loc":{"start":{"line":101,"column":4},"end":{"line":103,"column":4}}}},"statementMap":{"1":{"start":{"line":22,"column":8},"end":{"line":22,"column":21}},"2":{"start":{"line":34,"column":8},"end":{"line":34,"column":29}},"3":{"start":{"line":35,"column":8},"end":{"line":35,"column":29}},"4":{"start":{"line":36,"column":8},"end":{"line":36,"column":37}},"5":{"start":{"line":37,"column":8},"end":{"line":37,"column":33}},"6":{"start":{"line":38,"column":8},"end":{"line":38,"column":44}},"7":{"start":{"line":42,"column":8},"end":{"line":42,"column":997}},"8":{"start":{"line":50,"column":8},"end":{"line":50,"column":73}},"9":{"start":{"line":60,"column":8},"end":{"line":60,"column":64}},"10":{"start":{"line":61,"column":8},"end":{"line":61,"column":34}},"11":{"start":{"line":69,"column":8},"end":{"line":69,"column":33}},"12":{"start":{"line":70,"column":8},"end":{"line":70,"column":1700}},"13":{"start":{"line":74,"column":8},"end":{"line":74,"column":1817}},"14":{"start":{"line":78,"column":8},"end":{"line":78,"column":51}},"15":{"start":{"line":87,"column":8},"end":{"line":87,"column":33}},"16":{"start":{"line":88,"column":8},"end":{"line":88,"column":76}},"17":{"start":{"line":89,"column":8},"end":{"line":89,"column":2285}},"18":{"start":{"line":90,"column":12},"end":{"line":90,"column":53}},"19":{"start":{"line":91,"column":12},"end":{"line":91,"column":23}},"20":{"start":{"line":93,"column":8},"end":{"line":93,"column":20}},"21":{"start":{"line":97,"column":8},"end":{"line":97,"column":64}},"22":{"start":{"line":98,"column":8},"end":{"line":98,"column":50}},"23":{"start":{"line":102,"column":8},"end":{"line":102,"column":18}}},"branchMap":{"1":{"line":42,"type":"if","locations":[{"start":{"line":42,"column":8},"end":{"line":42,"column":8}},{"start":{"line":42,"column":8},"end":{"line":42,"column":8}}]},"2":{"line":50,"type":"if","locations":[{"start":{"line":50,"column":8},"end":{"line":50,"column":8}},{"start":{"line":50,"column":8},"end":{"line":50,"column":8}}]},"3":{"line":70,"type":"if","locations":[{"start":{"line":70,"column":8},"end":{"line":70,"column":8}},{"start":{"line":70,"column":8},"end":{"line":70,"column":8}}]},"4":{"line":74,"type":"if","locations":[{"start":{"line":74,"column":8},"end":{"line":74,"column":8}},{"start":{"line":74,"column":8},"end":{"line":74,"column":8}}]},"5":{"line":88,"type":"if","locations":[{"start":{"line":88,"column":8},"end":{"line":88,"column":8}},{"start":{"line":88,"column":8},"end":{"line":88,"column":8}}]},"6":{"line":89,"type":"if","locations":[{"start":{"line":89,"column":8},"end":{"line":89,"column":8}},{"start":{"line":89,"column":8},"end":{"line":89,"column":8}}]}}},"contracts/phase1/SluiceGate.sol":{"l":{"27":15,"28":15,"29":15,"30":15,"31":15,"32":15,"40":0,"41":0,"45":6,"46":6,"47":11,"48":11,"49":5,"50":5,"51":5,"52":2,"57":2,"58":2,"60":3,"61":3,"62":3,"66":3,"68":3,"71":3,"72":2,"79":2,"82":2,"86":5,"89":1,"93":2,"94":2,"95":2,"96":2,"97":2,"98":2,"100":2},"path":"/home/justin/weidai ecosystem/LiquidQueue/contracts/phase1/SluiceGate.sol","s":{"1":15,"2":15,"3":15,"4":15,"5":15,"6":15,"7":0,"8":0,"9":6,"10":6,"11":11,"12":11,"13":5,"14":5,"15":5,"16":2,"17":2,"18":2,"19":3,"20":3,"21":3,"22":3,"23":3,"24":3,"25":3,"26":2,"27":2,"28":2,"29":5,"30":1,"31":2,"32":2,"33":2,"34":2,"35":2,"36":2,"37":2},"b":{"1":[5,6],"2":[2,3],"3":[3,0],"4":[2,1],"5":[2,0],"6":[0,1]},"f":{"1":15,"2":0,"3":6,"4":2},"fnMap":{"1":{"name":"constructor","line":22,"loc":{"start":{"line":22,"column":4},"end":{"line":33,"column":4}}},"2":{"name":"configureLPs","line":39,"loc":{"start":{"line":35,"column":4},"end":{"line":42,"column":4}}},"3":{"name":"betaApply","line":44,"loc":{"start":{"line":44,"column":4},"end":{"line":90,"column":4}}},"4":{"name":"unstake","line":92,"loc":{"start":{"line":92,"column":4},"end":{"line":101,"column":4}}}},"statementMap":{"1":{"start":{"line":27,"column":8},"end":{"line":27,"column":34}},"2":{"start":{"line":28,"column":8},"end":{"line":28,"column":26}},"3":{"start":{"line":29,"column":8},"end":{"line":29,"column":32}},"4":{"start":{"line":30,"column":8},"end":{"line":30,"column":34}},"5":{"start":{"line":31,"column":8},"end":{"line":31,"column":35}},"6":{"start":{"line":32,"column":8},"end":{"line":32,"column":32}},"7":{"start":{"line":40,"column":8},"end":{"line":40,"column":33}},"8":{"start":{"line":41,"column":8},"end":{"line":41,"column":37}},"9":{"start":{"line":45,"column":8},"end":{"line":45,"column":26}},"10":{"start":{"line":46,"column":8},"end":{"line":46,"column":1197}},"11":{"start":{"line":47,"column":12},"end":{"line":47,"column":40}},"12":{"start":{"line":48,"column":12},"end":{"line":48,"column":1289}},"13":{"start":{"line":49,"column":16},"end":{"line":49,"column":27}},"14":{"start":{"line":50,"column":16},"end":{"line":50,"column":65}},"15":{"start":{"line":51,"column":16},"end":{"line":51,"column":1438}},"16":{"start":{"line":52,"column":20},"end":{"line":52,"column":1505}},"17":{"start":{"line":57,"column":20},"end":{"line":57,"column":74}},"18":{"start":{"line":58,"column":20},"end":{"line":58,"column":47}},"19":{"start":{"line":59,"column":23},"end":{"line":59,"column":1830}},"20":{"start":{"line":60,"column":20},"end":{"line":60,"column":31}},"21":{"start":{"line":61,"column":20},"end":{"line":61,"column":65}},"22":{"start":{"line":62,"column":20},"end":{"line":62,"column":1987}},"23":{"start":{"line":66,"column":20},"end":{"line":66,"column":2231}},"24":{"start":{"line":68,"column":20},"end":{"line":68,"column":2347}},"25":{"start":{"line":71,"column":20},"end":{"line":71,"column":2470}},"26":{"start":{"line":72,"column":24},"end":{"line":72,"column":2539}},"27":{"start":{"line":79,"column":24},"end":{"line":79,"column":2853}},"28":{"start":{"line":82,"column":24},"end":{"line":82,"column":51}},"29":{"start":{"line":86,"column":16},"end":{"line":86,"column":22}},"30":{"start":{"line":89,"column":8},"end":{"line":89,"column":52}},"31":{"start":{"line":93,"column":8},"end":{"line":93,"column":36}},"32":{"start":{"line":94,"column":8},"end":{"line":94,"column":49}},"33":{"start":{"line":95,"column":8},"end":{"line":95,"column":34}},"34":{"start":{"line":96,"column":8},"end":{"line":96,"column":32}},"35":{"start":{"line":97,"column":8},"end":{"line":97,"column":64}},"36":{"start":{"line":98,"column":8},"end":{"line":98,"column":72}},"37":{"start":{"line":100,"column":8},"end":{"line":100,"column":47}}},"branchMap":{"1":{"line":48,"type":"if","locations":[{"start":{"line":48,"column":12},"end":{"line":48,"column":12}},{"start":{"line":48,"column":12},"end":{"line":48,"column":12}}]},"2":{"line":51,"type":"if","locations":[{"start":{"line":51,"column":16},"end":{"line":51,"column":16}},{"start":{"line":51,"column":16},"end":{"line":51,"column":16}}]},"3":{"line":59,"type":"if","locations":[{"start":{"line":59,"column":23},"end":{"line":59,"column":23}},{"start":{"line":59,"column":23},"end":{"line":59,"column":23}}]},"4":{"line":71,"type":"if","locations":[{"start":{"line":71,"column":20},"end":{"line":71,"column":20}},{"start":{"line":71,"column":20},"end":{"line":71,"column":20}}]},"5":{"line":72,"type":"if","locations":[{"start":{"line":72,"column":24},"end":{"line":72,"column":24}},{"start":{"line":72,"column":24},"end":{"line":72,"column":24}}]},"6":{"line":89,"type":"if","locations":[{"start":{"line":89,"column":8},"end":{"line":89,"column":8}},{"start":{"line":89,"column":8},"end":{"line":89,"column":8}}]}}},"contracts/phase1/testing/MockIronCrown.sol":{"l":{"10":78,"11":78,"15":192,"16":192},"path":"/home/justin/weidai ecosystem/LiquidQueue/contracts/phase1/testing/MockIronCrown.sol","s":{"1":78,"2":78,"3":192,"4":192},"b":{},"f":{"1":78,"2":192},"fnMap":{"1":{"name":"constructor","line":9,"loc":{"start":{"line":9,"column":4},"end":{"line":12,"column":4}}},"2":{"name":"settlePayments","line":14,"loc":{"start":{"line":14,"column":4},"end":{"line":17,"column":4}}}},"statementMap":{"1":{"start":{"line":10,"column":8},"end":{"line":10,"column":24}},"2":{"start":{"line":11,"column":8},"end":{"line":11,"column":30}},"3":{"start":{"line":15,"column":8},"end":{"line":15,"column":54}},"4":{"start":{"line":16,"column":8},"end":{"line":16,"column":44}}},"branchMap":{}},"contracts/phase1/testing/MockLiquidQueue.sol":{"l":{"13":1},"path":"/home/justin/weidai ecosystem/LiquidQueue/contracts/phase1/testing/MockLiquidQueue.sol","s":{"1":1},"b":{},"f":{"1":8,"2":1},"fnMap":{"1":{"name":"join","line":6,"loc":{"start":{"line":6,"column":4},"end":{"line":6,"column":59}}},"2":{"name":"requestEyeReward","line":8,"loc":{"start":{"line":8,"column":4},"end":{"line":14,"column":4}}}},"statementMap":{"1":{"start":{"line":13,"column":8},"end":{"line":13,"column":61}}},"branchMap":{}},"contracts/phase1/testing/MockSluiceGate.sol":{"l":{"8":1},"path":"/home/justin/weidai ecosystem/LiquidQueue/contracts/phase1/testing/MockSluiceGate.sol","s":{"1":1},"b":{},"f":{"1":1},"fnMap":{"1":{"name":"setWhiteList","line":7,"loc":{"start":{"line":7,"column":4},"end":{"line":9,"column":4}}}},"statementMap":{"1":{"start":{"line":8,"column":8},"end":{"line":8,"column":26}}},"branchMap":{}},"contracts/phase1/testing/MockToken.sol":{"l":{"19":74},"path":"/home/justin/weidai ecosystem/LiquidQueue/contracts/phase1/testing/MockToken.sol","s":{"1":74},"b":{},"f":{"1":267,"2":74},"fnMap":{"1":{"name":"constructor","line":12,"loc":{"start":{"line":7,"column":5},"end":{"line":12,"column":63}}},"2":{"name":"mint","line":18,"loc":{"start":{"line":18,"column":4},"end":{"line":20,"column":4}}}},"statementMap":{"1":{"start":{"line":19,"column":8},"end":{"line":19,"column":30}}},"branchMap":{}},"contracts/uniswapv2/interfaces/IERC20.sol":{"l":{},"path":"/home/justin/weidai ecosystem/LiquidQueue/contracts/uniswapv2/interfaces/IERC20.sol","s":{},"b":{},"f":{},"fnMap":{},"statementMap":{},"branchMap":{}},"contracts/uniswapv2/interfaces/IUniswapV2Callee.sol":{"l":{},"path":"/home/justin/weidai ecosystem/LiquidQueue/contracts/uniswapv2/interfaces/IUniswapV2Callee.sol","s":{},"b":{},"f":{},"fnMap":{},"statementMap":{},"branchMap":{}},"contracts/uniswapv2/interfaces/IUniswapV2ERC20.sol":{"l":{},"path":"/home/justin/weidai ecosystem/LiquidQueue/contracts/uniswapv2/interfaces/IUniswapV2ERC20.sol","s":{},"b":{},"f":{},"fnMap":{},"statementMap":{},"branchMap":{}},"contracts/uniswapv2/interfaces/IUniswapV2Factory.sol":{"l":{},"path":"/home/justin/weidai ecosystem/LiquidQueue/contracts/uniswapv2/interfaces/IUniswapV2Factory.sol","s":{},"b":{},"f":{},"fnMap":{},"statementMap":{},"branchMap":{}},"contracts/uniswapv2/interfaces/IUniswapV2Pair.sol":{"l":{},"path":"/home/justin/weidai ecosystem/LiquidQueue/contracts/uniswapv2/interfaces/IUniswapV2Pair.sol","s":{},"b":{},"f":{},"fnMap":{},"statementMap":{},"branchMap":{}},"contracts/uniswapv2/interfaces/IUniswapV2Router01.sol":{"l":{},"path":"/home/justin/weidai ecosystem/LiquidQueue/contracts/uniswapv2/interfaces/IUniswapV2Router01.sol","s":{},"b":{},"f":{},"fnMap":{},"statementMap":{},"branchMap":{}},"contracts/uniswapv2/interfaces/IUniswapV2Router02.sol":{"l":{},"path":"/home/justin/weidai ecosystem/LiquidQueue/contracts/uniswapv2/interfaces/IUniswapV2Router02.sol","s":{},"b":{},"f":{},"fnMap":{},"statementMap":{},"branchMap":{}},"contracts/uniswapv2/interfaces/IWETH.sol":{"l":{},"path":"/home/justin/weidai ecosystem/LiquidQueue/contracts/uniswapv2/interfaces/IWETH.sol","s":{},"b":{},"f":{},"fnMap":{},"statementMap":{},"branchMap":{}},"contracts/uniswapv2/libraries/Math.sol":{"l":{"8":177,"13":22,"14":22,"15":22,"16":22,"17":1385,"18":1385,"21":0},"path":"/home/justin/weidai ecosystem/LiquidQueue/contracts/uniswapv2/libraries/Math.sol","s":{"1":177,"2":22,"3":22,"4":22,"5":22,"6":1385,"7":1385,"8":0,"9":0},"b":{"1":[22,0],"2":[0,0]},"f":{"1":177,"2":22},"fnMap":{"1":{"name":"min","line":7,"loc":{"start":{"line":7,"column":4},"end":{"line":9,"column":4}}},"2":{"name":"sqrt","line":12,"loc":{"start":{"line":12,"column":4},"end":{"line":23,"column":4}}}},"statementMap":{"1":{"start":{"line":8,"column":8},"end":{"line":8,"column":24}},"2":{"start":{"line":13,"column":8},"end":{"line":13,"column":410}},"3":{"start":{"line":14,"column":12},"end":{"line":14,"column":16}},"4":{"start":{"line":15,"column":12},"end":{"line":15,"column":30}},"5":{"start":{"line":16,"column":12},"end":{"line":16,"column":490}},"6":{"start":{"line":17,"column":16},"end":{"line":17,"column":20}},"7":{"start":{"line":18,"column":16},"end":{"line":18,"column":34}},"8":{"start":{"line":20,"column":15},"end":{"line":20,"column":591}},"9":{"start":{"line":21,"column":12},"end":{"line":21,"column":16}}},"branchMap":{"1":{"line":13,"type":"if","locations":[{"start":{"line":13,"column":8},"end":{"line":13,"column":8}},{"start":{"line":13,"column":8},"end":{"line":13,"column":8}}]},"2":{"line":20,"type":"if","locations":[{"start":{"line":20,"column":15},"end":{"line":20,"column":15}},{"start":{"line":20,"column":15},"end":{"line":20,"column":15}}]}}},"contracts/uniswapv2/libraries/SafeMath.sol":{"l":{"8":770,"12":741,"16":586},"path":"/home/justin/weidai ecosystem/LiquidQueue/contracts/uniswapv2/libraries/SafeMath.sol","s":{"1":770,"2":741,"3":586},"b":{"1":[770,0],"2":[741,0],"3":[586,0]},"f":{"1":770,"2":741,"3":586},"fnMap":{"1":{"name":"add","line":7,"loc":{"start":{"line":7,"column":4},"end":{"line":9,"column":4}}},"2":{"name":"sub","line":11,"loc":{"start":{"line":11,"column":4},"end":{"line":13,"column":4}}},"3":{"name":"mul","line":15,"loc":{"start":{"line":15,"column":4},"end":{"line":17,"column":4}}}},"statementMap":{"1":{"start":{"line":8,"column":8},"end":{"line":8,"column":56}},"2":{"start":{"line":12,"column":8},"end":{"line":12,"column":57}},"3":{"start":{"line":16,"column":8},"end":{"line":16,"column":70}}},"branchMap":{"1":{"line":8,"type":"if","locations":[{"start":{"line":8,"column":8},"end":{"line":8,"column":8}},{"start":{"line":8,"column":8},"end":{"line":8,"column":8}}]},"2":{"line":12,"type":"if","locations":[{"start":{"line":12,"column":8},"end":{"line":12,"column":8}},{"start":{"line":12,"column":8},"end":{"line":12,"column":8}}]},"3":{"line":16,"type":"if","locations":[{"start":{"line":16,"column":8},"end":{"line":16,"column":8}},{"start":{"line":16,"column":8},"end":{"line":16,"column":8}}]}}},"contracts/uniswapv2/libraries/TransferHelper.sol":{"l":{"10":0,"11":0,"16":0,"17":0,"22":0,"23":0,"27":0,"28":0},"path":"/home/justin/weidai ecosystem/LiquidQueue/contracts/uniswapv2/libraries/TransferHelper.sol","s":{"1":0,"2":0,"3":0,"4":0,"5":0,"6":0,"7":0,"8":0},"b":{"1":[0,0],"2":[0,0],"3":[0,0],"4":[0,0]},"f":{"1":0,"2":0,"3":0,"4":0},"fnMap":{"1":{"name":"safeApprove","line":8,"loc":{"start":{"line":8,"column":4},"end":{"line":12,"column":4}}},"2":{"name":"safeTransfer","line":14,"loc":{"start":{"line":14,"column":4},"end":{"line":18,"column":4}}},"3":{"name":"safeTransferFrom","line":20,"loc":{"start":{"line":20,"column":4},"end":{"line":24,"column":4}}},"4":{"name":"safeTransferETH","line":26,"loc":{"start":{"line":26,"column":4},"end":{"line":29,"column":4}}}},"statementMap":{"1":{"start":{"line":10,"column":8},"end":{"line":10,"column":101}},"2":{"start":{"line":11,"column":8},"end":{"line":11,"column":107}},"3":{"start":{"line":16,"column":8},"end":{"line":16,"column":101}},"4":{"start":{"line":17,"column":8},"end":{"line":17,"column":108}},"5":{"start":{"line":22,"column":8},"end":{"line":22,"column":107}},"6":{"start":{"line":23,"column":8},"end":{"line":23,"column":113}},"7":{"start":{"line":27,"column":8},"end":{"line":27,"column":60}},"8":{"start":{"line":28,"column":8},"end":{"line":28,"column":62}}},"branchMap":{"1":{"line":11,"type":"if","locations":[{"start":{"line":11,"column":8},"end":{"line":11,"column":8}},{"start":{"line":11,"column":8},"end":{"line":11,"column":8}}]},"2":{"line":17,"type":"if","locations":[{"start":{"line":17,"column":8},"end":{"line":17,"column":8}},{"start":{"line":17,"column":8},"end":{"line":17,"column":8}}]},"3":{"line":23,"type":"if","locations":[{"start":{"line":23,"column":8},"end":{"line":23,"column":8}},{"start":{"line":23,"column":8},"end":{"line":23,"column":8}}]},"4":{"line":28,"type":"if","locations":[{"start":{"line":28,"column":8},"end":{"line":28,"column":8}},{"start":{"line":28,"column":8},"end":{"line":28,"column":8}}]}}},"contracts/uniswapv2/libraries/UniswapV2Library.sol":{"l":{"15":0,"16":0,"17":0,"22":0,"23":0,"33":0,"34":0,"35":0,"40":178,"41":177,"42":177,"47":11,"48":11,"49":11,"50":11,"51":11,"52":11,"57":0,"58":0,"59":0,"60":0,"61":0,"66":0,"67":0,"68":0,"69":0,"70":0,"71":0,"77":0,"78":0,"79":0,"80":0,"81":0,"82":0},"path":"/home/justin/weidai ecosystem/LiquidQueue/contracts/uniswapv2/libraries/UniswapV2Library.sol","s":{"1":0,"2":0,"3":0,"4":0,"5":0,"6":0,"7":0,"8":0,"9":178,"10":177,"11":177,"12":11,"13":11,"14":11,"15":11,"16":11,"17":11,"18":0,"19":0,"20":0,"21":0,"22":0,"23":0,"24":0,"25":0,"26":0,"27":0,"28":0,"29":0,"30":0,"31":0,"32":0,"33":0,"34":0},"b":{"1":[0,0],"2":[0,0],"3":[177,1],"4":[177,0],"5":[11,0],"6":[11,0],"7":[0,0],"8":[0,0],"9":[0,0],"10":[0,0]},"f":{"1":0,"2":0,"3":0,"4":178,"5":11,"6":0,"7":0,"8":0},"fnMap":{"1":{"name":"sortTokens","line":14,"loc":{"start":{"line":14,"column":4},"end":{"line":18,"column":4}}},"2":{"name":"pairFor","line":21,"loc":{"start":{"line":21,"column":4},"end":{"line":29,"column":4}}},"3":{"name":"getReserves","line":32,"loc":{"start":{"line":32,"column":4},"end":{"line":36,"column":4}}},"4":{"name":"quote","line":39,"loc":{"start":{"line":39,"column":4},"end":{"line":43,"column":4}}},"5":{"name":"getAmountOut","line":46,"loc":{"start":{"line":46,"column":4},"end":{"line":53,"column":4}}},"6":{"name":"getAmountIn","line":56,"loc":{"start":{"line":56,"column":4},"end":{"line":62,"column":4}}},"7":{"name":"getAmountsOut","line":65,"loc":{"start":{"line":65,"column":4},"end":{"line":73,"column":4}}},"8":{"name":"getAmountsIn","line":76,"loc":{"start":{"line":76,"column":4},"end":{"line":84,"column":4}}}},"statementMap":{"1":{"start":{"line":15,"column":8},"end":{"line":15,"column":73}},"2":{"start":{"line":16,"column":8},"end":{"line":16,"column":79}},"3":{"start":{"line":17,"column":8},"end":{"line":17,"column":70}},"4":{"start":{"line":22,"column":8},"end":{"line":22,"column":69}},"5":{"start":{"line":23,"column":8},"end":{"line":23,"column":976}},"6":{"start":{"line":33,"column":8},"end":{"line":33,"column":54}},"7":{"start":{"line":34,"column":8},"end":{"line":34,"column":122}},"8":{"start":{"line":35,"column":8},"end":{"line":35,"column":92}},"9":{"start":{"line":40,"column":8},"end":{"line":40,"column":68}},"10":{"start":{"line":41,"column":8},"end":{"line":41,"column":88}},"11":{"start":{"line":42,"column":8},"end":{"line":42,"column":49}},"12":{"start":{"line":47,"column":8},"end":{"line":47,"column":75}},"13":{"start":{"line":48,"column":8},"end":{"line":48,"column":91}},"14":{"start":{"line":49,"column":8},"end":{"line":49,"column":48}},"15":{"start":{"line":50,"column":8},"end":{"line":50,"column":56}},"16":{"start":{"line":51,"column":8},"end":{"line":51,"column":67}},"17":{"start":{"line":52,"column":8},"end":{"line":52,"column":42}},"18":{"start":{"line":57,"column":8},"end":{"line":57,"column":77}},"19":{"start":{"line":58,"column":8},"end":{"line":58,"column":91}},"20":{"start":{"line":59,"column":8},"end":{"line":59,"column":59}},"21":{"start":{"line":60,"column":8},"end":{"line":60,"column":61}},"22":{"start":{"line":61,"column":8},"end":{"line":61,"column":50}},"23":{"start":{"line":66,"column":8},"end":{"line":66,"column":66}},"24":{"start":{"line":67,"column":8},"end":{"line":67,"column":40}},"25":{"start":{"line":68,"column":8},"end":{"line":68,"column":28}},"26":{"start":{"line":69,"column":8},"end":{"line":69,"column":3711}},"27":{"start":{"line":70,"column":12},"end":{"line":70,"column":90}},"28":{"start":{"line":71,"column":12},"end":{"line":71,"column":75}},"29":{"start":{"line":77,"column":8},"end":{"line":77,"column":66}},"30":{"start":{"line":78,"column":8},"end":{"line":78,"column":40}},"31":{"start":{"line":79,"column":8},"end":{"line":79,"column":46}},"32":{"start":{"line":80,"column":8},"end":{"line":80,"column":4310}},"33":{"start":{"line":81,"column":12},"end":{"line":81,"column":90}},"34":{"start":{"line":82,"column":12},"end":{"line":82,"column":74}}},"branchMap":{"1":{"line":15,"type":"if","locations":[{"start":{"line":15,"column":8},"end":{"line":15,"column":8}},{"start":{"line":15,"column":8},"end":{"line":15,"column":8}}]},"2":{"line":17,"type":"if","locations":[{"start":{"line":17,"column":8},"end":{"line":17,"column":8}},{"start":{"line":17,"column":8},"end":{"line":17,"column":8}}]},"3":{"line":40,"type":"if","locations":[{"start":{"line":40,"column":8},"end":{"line":40,"column":8}},{"start":{"line":40,"column":8},"end":{"line":40,"column":8}}]},"4":{"line":41,"type":"if","locations":[{"start":{"line":41,"column":8},"end":{"line":41,"column":8}},{"start":{"line":41,"column":8},"end":{"line":41,"column":8}}]},"5":{"line":47,"type":"if","locations":[{"start":{"line":47,"column":8},"end":{"line":47,"column":8}},{"start":{"line":47,"column":8},"end":{"line":47,"column":8}}]},"6":{"line":48,"type":"if","locations":[{"start":{"line":48,"column":8},"end":{"line":48,"column":8}},{"start":{"line":48,"column":8},"end":{"line":48,"column":8}}]},"7":{"line":57,"type":"if","locations":[{"start":{"line":57,"column":8},"end":{"line":57,"column":8}},{"start":{"line":57,"column":8},"end":{"line":57,"column":8}}]},"8":{"line":58,"type":"if","locations":[{"start":{"line":58,"column":8},"end":{"line":58,"column":8}},{"start":{"line":58,"column":8},"end":{"line":58,"column":8}}]},"9":{"line":66,"type":"if","locations":[{"start":{"line":66,"column":8},"end":{"line":66,"column":8}},{"start":{"line":66,"column":8},"end":{"line":66,"column":8}}]},"10":{"line":77,"type":"if","locations":[{"start":{"line":77,"column":8},"end":{"line":77,"column":8}},{"start":{"line":77,"column":8},"end":{"line":77,"column":8}}]}}},"contracts/uniswapv2/libraries/UQ112x112.sol":{"l":{"13":354,"18":354},"path":"/home/justin/weidai ecosystem/LiquidQueue/contracts/uniswapv2/libraries/UQ112x112.sol","s":{"1":354,"2":354},"b":{},"f":{"1":354,"2":354},"fnMap":{"1":{"name":"encode","line":12,"loc":{"start":{"line":12,"column":4},"end":{"line":14,"column":4}}},"2":{"name":"uqdiv","line":17,"loc":{"start":{"line":17,"column":4},"end":{"line":19,"column":4}}}},"statementMap":{"1":{"start":{"line":13,"column":8},"end":{"line":13,"column":28}},"2":{"start":{"line":18,"column":8},"end":{"line":18,"column":25}}},"branchMap":{}},"contracts/uniswapv2/UniswapV2ERC20.sol":{"l":{"25":190,"26":190,"29":190,"41":221,"42":221,"43":221,"47":0,"48":0,"49":0,"53":182,"54":182,"58":317,"59":317,"60":317,"64":182,"65":182,"69":145,"70":145,"74":172,"75":4,"77":172,"78":172,"82":0,"83":0,"90":0,"91":0,"92":0},"path":"/home/justin/weidai ecosystem/LiquidQueue/contracts/uniswapv2/UniswapV2ERC20.sol","s":{"1":190,"2":190,"3":221,"4":221,"5":221,"6":0,"7":0,"8":0,"9":182,"10":182,"11":317,"12":317,"13":317,"14":182,"15":182,"16":145,"17":145,"18":172,"19":4,"20":172,"21":172,"22":0,"23":0,"24":0,"25":0,"26":0},"b":{"1":[4,168],"2":[0,0],"3":[0,0]},"f":{"1":190,"2":221,"3":0,"4":182,"5":317,"6":182,"7":145,"8":172,"9":0},"fnMap":{"1":{"name":"constructor","line":24,"loc":{"start":{"line":24,"column":4},"end":{"line":38,"column":4}}},"2":{"name":"_mint","line":40,"loc":{"start":{"line":40,"column":4},"end":{"line":44,"column":4}}},"3":{"name":"_burn","line":46,"loc":{"start":{"line":46,"column":4},"end":{"line":50,"column":4}}},"4":{"name":"_approve","line":52,"loc":{"start":{"line":52,"column":4},"end":{"line":55,"column":4}}},"5":{"name":"_transfer","line":57,"loc":{"start":{"line":57,"column":4},"end":{"line":61,"column":4}}},"6":{"name":"approve","line":63,"loc":{"start":{"line":63,"column":4},"end":{"line":66,"column":4}}},"7":{"name":"transfer","line":68,"loc":{"start":{"line":68,"column":4},"end":{"line":71,"column":4}}},"8":{"name":"transferFrom","line":73,"loc":{"start":{"line":73,"column":4},"end":{"line":79,"column":4}}},"9":{"name":"permit","line":81,"loc":{"start":{"line":81,"column":4},"end":{"line":93,"column":4}}}},"statementMap":{"1":{"start":{"line":25,"column":8},"end":{"line":25,"column":20}},"2":{"start":{"line":29,"column":8},"end":{"line":29,"column":1007}},"3":{"start":{"line":41,"column":8},"end":{"line":41,"column":43}},"4":{"start":{"line":42,"column":8},"end":{"line":42,"column":47}},"5":{"start":{"line":43,"column":8},"end":{"line":43,"column":44}},"6":{"start":{"line":47,"column":8},"end":{"line":47,"column":51}},"7":{"start":{"line":48,"column":8},"end":{"line":48,"column":43}},"8":{"start":{"line":49,"column":8},"end":{"line":49,"column":46}},"9":{"start":{"line":53,"column":8},"end":{"line":53,"column":40}},"10":{"start":{"line":54,"column":8},"end":{"line":54,"column":44}},"11":{"start":{"line":58,"column":8},"end":{"line":58,"column":51}},"12":{"start":{"line":59,"column":8},"end":{"line":59,"column":47}},"13":{"start":{"line":60,"column":8},"end":{"line":60,"column":38}},"14":{"start":{"line":64,"column":8},"end":{"line":64,"column":43}},"15":{"start":{"line":65,"column":8},"end":{"line":65,"column":19}},"16":{"start":{"line":69,"column":8},"end":{"line":69,"column":39}},"17":{"start":{"line":70,"column":8},"end":{"line":70,"column":19}},"18":{"start":{"line":74,"column":8},"end":{"line":74,"column":2538}},"19":{"start":{"line":75,"column":12},"end":{"line":75,"column":79}},"20":{"start":{"line":77,"column":8},"end":{"line":77,"column":33}},"21":{"start":{"line":78,"column":8},"end":{"line":78,"column":19}},"22":{"start":{"line":82,"column":8},"end":{"line":82,"column":65}},"23":{"start":{"line":83,"column":8},"end":{"line":83,"column":2939}},"24":{"start":{"line":90,"column":8},"end":{"line":90,"column":61}},"25":{"start":{"line":91,"column":8},"end":{"line":91,"column":107}},"26":{"start":{"line":92,"column":8},"end":{"line":92,"column":38}}},"branchMap":{"1":{"line":74,"type":"if","locations":[{"start":{"line":74,"column":8},"end":{"line":74,"column":8}},{"start":{"line":74,"column":8},"end":{"line":74,"column":8}}]},"2":{"line":82,"type":"if","locations":[{"start":{"line":82,"column":8},"end":{"line":82,"column":8}},{"start":{"line":82,"column":8},"end":{"line":82,"column":8}}]},"3":{"line":91,"type":"if","locations":[{"start":{"line":91,"column":8},"end":{"line":91,"column":8}},{"start":{"line":91,"column":8},"end":{"line":91,"column":8}}]}}},"contracts/uniswapv2/UniswapV2Factory.sol":{"l":{"16":75,"20":0,"24":0,"28":190,"29":190,"30":190,"31":190,"32":190,"33":190,"34":190,"37":190,"38":190,"39":190,"40":190,"41":190,"45":0,"46":0,"50":0,"51":0,"55":0,"56":0},"path":"/home/justin/weidai ecosystem/LiquidQueue/contracts/uniswapv2/UniswapV2Factory.sol","s":{"1":75,"2":0,"3":0,"4":190,"5":190,"6":190,"7":190,"8":190,"9":190,"10":190,"11":190,"12":190,"13":190,"14":190,"15":0,"16":0,"17":0,"18":0,"19":0,"20":0},"b":{"1":[190,0],"2":[190,0],"3":[190,0],"4":[0,0],"5":[0,0],"6":[0,0]},"f":{"1":75,"2":0,"3":0,"4":190,"5":0,"6":0,"7":0},"fnMap":{"1":{"name":"constructor","line":15,"loc":{"start":{"line":15,"column":4},"end":{"line":17,"column":4}}},"2":{"name":"allPairsLength","line":19,"loc":{"start":{"line":19,"column":4},"end":{"line":21,"column":4}}},"3":{"name":"pairCodeHash","line":23,"loc":{"start":{"line":23,"column":4},"end":{"line":25,"column":4}}},"4":{"name":"createPair","line":27,"loc":{"start":{"line":27,"column":4},"end":{"line":42,"column":4}}},"5":{"name":"setFeeTo","line":44,"loc":{"start":{"line":44,"column":4},"end":{"line":47,"column":4}}},"6":{"name":"setMigrator","line":49,"loc":{"start":{"line":49,"column":4},"end":{"line":52,"column":4}}},"7":{"name":"setFeeToSetter","line":54,"loc":{"start":{"line":54,"column":4},"end":{"line":57,"column":4}}}},"statementMap":{"1":{"start":{"line":16,"column":8},"end":{"line":16,"column":33}},"2":{"start":{"line":20,"column":8},"end":{"line":20,"column":30}},"3":{"start":{"line":24,"column":8},"end":{"line":24,"column":58}},"4":{"start":{"line":28,"column":8},"end":{"line":28,"column":66}},"5":{"start":{"line":29,"column":8},"end":{"line":29,"column":96}},"6":{"start":{"line":30,"column":8},"end":{"line":30,"column":63}},"7":{"start":{"line":31,"column":8},"end":{"line":31,"column":79}},"8":{"start":{"line":32,"column":8},"end":{"line":32,"column":64}},"9":{"start":{"line":33,"column":8},"end":{"line":33,"column":66}},"10":{"start":{"line":37,"column":8},"end":{"line":37,"column":53}},"11":{"start":{"line":38,"column":8},"end":{"line":38,"column":37}},"12":{"start":{"line":39,"column":8},"end":{"line":39,"column":37}},"13":{"start":{"line":40,"column":8},"end":{"line":40,"column":26}},"14":{"start":{"line":41,"column":8},"end":{"line":41,"column":63}},"15":{"start":{"line":45,"column":8},"end":{"line":45,"column":65}},"16":{"start":{"line":46,"column":8},"end":{"line":46,"column":21}},"17":{"start":{"line":50,"column":8},"end":{"line":50,"column":65}},"18":{"start":{"line":51,"column":8},"end":{"line":51,"column":27}},"19":{"start":{"line":55,"column":8},"end":{"line":55,"column":65}},"20":{"start":{"line":56,"column":8},"end":{"line":56,"column":33}}},"branchMap":{"1":{"line":28,"type":"if","locations":[{"start":{"line":28,"column":8},"end":{"line":28,"column":8}},{"start":{"line":28,"column":8},"end":{"line":28,"column":8}}]},"2":{"line":30,"type":"if","locations":[{"start":{"line":30,"column":8},"end":{"line":30,"column":8}},{"start":{"line":30,"column":8},"end":{"line":30,"column":8}}]},"3":{"line":31,"type":"if","locations":[{"start":{"line":31,"column":8},"end":{"line":31,"column":8}},{"start":{"line":31,"column":8},"end":{"line":31,"column":8}}]},"4":{"line":45,"type":"if","locations":[{"start":{"line":45,"column":8},"end":{"line":45,"column":8}},{"start":{"line":45,"column":8},"end":{"line":45,"column":8}}]},"5":{"line":50,"type":"if","locations":[{"start":{"line":50,"column":8},"end":{"line":50,"column":8}},{"start":{"line":50,"column":8},"end":{"line":50,"column":8}}]},"6":{"line":55,"type":"if","locations":[{"start":{"line":55,"column":8},"end":{"line":55,"column":8}},{"start":{"line":55,"column":8},"end":{"line":55,"column":8}}]}}},"contracts/uniswapv2/UniswapV2Pair.sol":{"l":{"35":199,"36":199,"37":199,"38":199,"50":377,"51":377,"52":377,"60":0,"63":0,"87":190,"92":190,"93":190,"94":190,"104":199,"108":199,"109":199,"110":199,"112":177,"115":177,"119":199,"120":199,"121":199,"122":199,"130":199,"131":199,"132":199,"133":199,"134":0,"135":0,"136":0,"137":0,"138":0,"139":0,"140":0,"141":0,"145":0,"151":199,"152":199,"153":199,"154":199,"155":199,"157":199,"158":199,"159":199,"160":22,"161":22,"163":177,"168":199,"169":199,"171":199,"172":199,"173":199,"182":0,"183":0,"184":0,"185":0,"186":0,"187":0,"189":0,"190":0,"191":0,"192":0,"193":0,"197":0,"198":0,"199":0,"201":0,"202":0,"204":0,"205":0,"206":0,"216":0,"220":0,"221":0,"226":0,"227":0,"228":0,"230":0,"231":0,"232":0,"233":0,"234":0,"235":0,"236":0,"242":0,"243":0,"245":0,"248":0,"251":0,"255":0,"257":0,"258":0,"259":0,"266":0,"267":0,"272":0,"273":0,"274":0,"279":0,"288":0},"path":"/home/justin/weidai ecosystem/LiquidQueue/contracts/uniswapv2/UniswapV2Pair.sol","s":{"1":199,"2":199,"3":199,"4":377,"5":377,"6":377,"7":0,"8":0,"9":190,"10":190,"11":190,"12":190,"13":199,"14":199,"15":199,"16":199,"17":177,"18":177,"19":199,"20":199,"21":199,"22":199,"23":199,"24":199,"25":199,"26":199,"27":0,"28":0,"29":0,"30":0,"31":0,"32":0,"33":0,"34":0,"35":0,"36":199,"37":0,"38":199,"39":199,"40":199,"41":199,"42":199,"43":199,"44":199,"45":199,"46":22,"47":22,"48":177,"49":199,"50":199,"51":199,"52":199,"53":0,"54":199,"55":0,"56":0,"57":0,"58":0,"59":0,"60":0,"61":0,"62":0,"63":0,"64":0,"65":0,"66":0,"67":0,"68":0,"69":0,"70":0,"71":0,"72":0,"73":0,"74":0,"75":0,"76":0,"77":0,"78":0,"79":0,"80":0,"81":0,"82":0,"83":0,"84":0,"85":0,"86":0,"87":0,"88":0,"89":0,"90":0,"91":0,"92":0,"93":0,"94":0,"95":0,"96":0,"97":0,"98":0,"99":0,"100":0,"101":0,"102":0,"103":0},"b":{"1":[199,0],"2":[0,0],"3":[190,0],"4":[199,0],"5":[177,22],"6":[0,199],"7":[0,0],"8":[0,0],"9":[0,0],"10":[0,199],"11":[22,177],"12":[199,0],"13":[0,199],"14":[0,0],"15":[0,0],"16":[0,0],"17":[0,0],"18":[0,0],"19":[0,0],"20":[0,0],"21":[0,0],"22":[0,0],"23":[0,0]},"f":{"1":199,"2":377,"3":0,"4":190,"5":190,"6":199,"7":199,"8":199,"9":0,"10":0,"11":0,"12":0},"fnMap":{"1":{"name":"lock","line":34,"loc":{"start":{"line":34,"column":4},"end":{"line":39,"column":4}}},"2":{"name":"getReserves","line":41,"loc":{"start":{"line":41,"column":4},"end":{"line":53,"column":4}}},"3":{"name":"_safeTransfer","line":55,"loc":{"start":{"line":55,"column":4},"end":{"line":67,"column":4}}},"4":{"name":"constructor","line":86,"loc":{"start":{"line":86,"column":4},"end":{"line":88,"column":4}}},"5":{"name":"initialize","line":91,"loc":{"start":{"line":91,"column":4},"end":{"line":95,"column":4}}},"6":{"name":"_update","line":98,"loc":{"start":{"line":98,"column":4},"end":{"line":123,"column":4}}},"7":{"name":"_mintFee","line":126,"loc":{"start":{"line":126,"column":4},"end":{"line":147,"column":4}}},"8":{"name":"mint","line":150,"loc":{"start":{"line":150,"column":4},"end":{"line":174,"column":4}}},"9":{"name":"burn","line":179,"loc":{"start":{"line":177,"column":4},"end":{"line":207,"column":4}}},"10":{"name":"swap","line":215,"loc":{"start":{"line":210,"column":4},"end":{"line":268,"column":4}}},"11":{"name":"skim","line":271,"loc":{"start":{"line":271,"column":4},"end":{"line":284,"column":4}}},"12":{"name":"sync","line":287,"loc":{"start":{"line":287,"column":4},"end":{"line":294,"column":4}}}},"statementMap":{"1":{"start":{"line":35,"column":8},"end":{"line":35,"column":50}},"2":{"start":{"line":36,"column":8},"end":{"line":36,"column":19}},"3":{"start":{"line":38,"column":8},"end":{"line":38,"column":19}},"4":{"start":{"line":50,"column":8},"end":{"line":50,"column":27}},"5":{"start":{"line":51,"column":8},"end":{"line":51,"column":27}},"6":{"start":{"line":52,"column":8},"end":{"line":52,"column":47}},"7":{"start":{"line":60,"column":8},"end":{"line":60,"column":1705}},"8":{"start":{"line":63,"column":8},"end":{"line":63,"column":1827}},"9":{"start":{"line":87,"column":8},"end":{"line":87,"column":27}},"10":{"start":{"line":92,"column":8},"end":{"line":92,"column":61}},"11":{"start":{"line":93,"column":8},"end":{"line":93,"column":23}},"12":{"start":{"line":94,"column":8},"end":{"line":94,"column":23}},"13":{"start":{"line":104,"column":8},"end":{"line":104,"column":2969}},"14":{"start":{"line":108,"column":8},"end":{"line":108,"column":63}},"15":{"start":{"line":109,"column":8},"end":{"line":109,"column":64}},"16":{"start":{"line":110,"column":8},"end":{"line":110,"column":3249}},"17":{"start":{"line":112,"column":12},"end":{"line":112,"column":3398}},"18":{"start":{"line":115,"column":12},"end":{"line":115,"column":3535}},"19":{"start":{"line":119,"column":8},"end":{"line":119,"column":35}},"20":{"start":{"line":120,"column":8},"end":{"line":120,"column":35}},"21":{"start":{"line":121,"column":8},"end":{"line":121,"column":42}},"22":{"start":{"line":122,"column":8},"end":{"line":122,"column":37}},"23":{"start":{"line":130,"column":8},"end":{"line":130,"column":58}},"24":{"start":{"line":131,"column":8},"end":{"line":131,"column":34}},"25":{"start":{"line":132,"column":8},"end":{"line":132,"column":30}},"26":{"start":{"line":133,"column":8},"end":{"line":133,"column":4163}},"27":{"start":{"line":134,"column":12},"end":{"line":134,"column":4192}},"28":{"start":{"line":135,"column":16},"end":{"line":135,"column":76}},"29":{"start":{"line":136,"column":16},"end":{"line":136,"column":53}},"30":{"start":{"line":137,"column":16},"end":{"line":137,"column":4364}},"31":{"start":{"line":138,"column":20},"end":{"line":138,"column":77}},"32":{"start":{"line":139,"column":20},"end":{"line":139,"column":69}},"33":{"start":{"line":140,"column":20},"end":{"line":140,"column":63}},"34":{"start":{"line":141,"column":20},"end":{"line":141,"column":62}},"35":{"start":{"line":141,"column":39},"end":{"line":141,"column":61}},"36":{"start":{"line":144,"column":15},"end":{"line":144,"column":4707}},"37":{"start":{"line":145,"column":12},"end":{"line":145,"column":20}},"38":{"start":{"line":151,"column":8},"end":{"line":151,"column":64}},"39":{"start":{"line":152,"column":8},"end":{"line":152,"column":73}},"40":{"start":{"line":153,"column":8},"end":{"line":153,"column":73}},"41":{"start":{"line":154,"column":8},"end":{"line":154,"column":49}},"42":{"start":{"line":155,"column":8},"end":{"line":155,"column":49}},"43":{"start":{"line":157,"column":8},"end":{"line":157,"column":51}},"44":{"start":{"line":158,"column":8},"end":{"line":158,"column":42}},"45":{"start":{"line":159,"column":8},"end":{"line":159,"column":5460}},"46":{"start":{"line":160,"column":12},"end":{"line":160,"column":77}},"47":{"start":{"line":161,"column":12},"end":{"line":161,"column":47}},"48":{"start":{"line":163,"column":12},"end":{"line":163,"column":5703}},"49":{"start":{"line":168,"column":8},"end":{"line":168,"column":73}},"50":{"start":{"line":169,"column":8},"end":{"line":169,"column":27}},"51":{"start":{"line":171,"column":8},"end":{"line":171,"column":56}},"52":{"start":{"line":172,"column":8},"end":{"line":172,"column":58}},"53":{"start":{"line":172,"column":19},"end":{"line":172,"column":57}},"54":{"start":{"line":173,"column":8},"end":{"line":173,"column":47}},"55":{"start":{"line":182,"column":8},"end":{"line":182,"column":64}},"56":{"start":{"line":183,"column":8},"end":{"line":183,"column":32}},"57":{"start":{"line":184,"column":8},"end":{"line":184,"column":32}},"58":{"start":{"line":185,"column":8},"end":{"line":185,"column":74}},"59":{"start":{"line":186,"column":8},"end":{"line":186,"column":74}},"60":{"start":{"line":187,"column":8},"end":{"line":187,"column":52}},"61":{"start":{"line":189,"column":8},"end":{"line":189,"column":51}},"62":{"start":{"line":190,"column":8},"end":{"line":190,"column":42}},"63":{"start":{"line":191,"column":8},"end":{"line":191,"column":55}},"64":{"start":{"line":192,"column":8},"end":{"line":192,"column":55}},"65":{"start":{"line":193,"column":8},"end":{"line":193,"column":7178}},"66":{"start":{"line":197,"column":8},"end":{"line":197,"column":38}},"67":{"start":{"line":198,"column":8},"end":{"line":198,"column":42}},"68":{"start":{"line":199,"column":8},"end":{"line":199,"column":42}},"69":{"start":{"line":201,"column":8},"end":{"line":201,"column":65}},"70":{"start":{"line":202,"column":8},"end":{"line":202,"column":65}},"71":{"start":{"line":204,"column":8},"end":{"line":204,"column":56}},"72":{"start":{"line":205,"column":8},"end":{"line":205,"column":58}},"73":{"start":{"line":205,"column":19},"end":{"line":205,"column":57}},"74":{"start":{"line":206,"column":8},"end":{"line":206,"column":51}},"75":{"start":{"line":216,"column":8},"end":{"line":216,"column":8037}},"76":{"start":{"line":220,"column":8},"end":{"line":220,"column":64}},"77":{"start":{"line":221,"column":8},"end":{"line":221,"column":8244}},"78":{"start":{"line":226,"column":8},"end":{"line":226,"column":24}},"79":{"start":{"line":227,"column":8},"end":{"line":227,"column":24}},"80":{"start":{"line":230,"column":12},"end":{"line":230,"column":36}},"81":{"start":{"line":231,"column":12},"end":{"line":231,"column":36}},"82":{"start":{"line":232,"column":12},"end":{"line":232,"column":75}},"83":{"start":{"line":233,"column":12},"end":{"line":233,"column":70}},"84":{"start":{"line":233,"column":32},"end":{"line":233,"column":69}},"85":{"start":{"line":234,"column":12},"end":{"line":234,"column":70}},"86":{"start":{"line":234,"column":32},"end":{"line":234,"column":69}},"87":{"start":{"line":235,"column":12},"end":{"line":235,"column":8891}},"88":{"start":{"line":236,"column":16},"end":{"line":236,"column":8927}},"89":{"start":{"line":242,"column":12},"end":{"line":242,"column":69}},"90":{"start":{"line":243,"column":12},"end":{"line":243,"column":69}},"91":{"start":{"line":245,"column":8},"end":{"line":245,"column":9264}},"92":{"start":{"line":248,"column":8},"end":{"line":248,"column":9393}},"93":{"start":{"line":251,"column":8},"end":{"line":251,"column":9515}},"94":{"start":{"line":257,"column":12},"end":{"line":257,"column":79}},"95":{"start":{"line":258,"column":12},"end":{"line":258,"column":79}},"96":{"start":{"line":259,"column":12},"end":{"line":259,"column":9894}},"97":{"start":{"line":266,"column":8},"end":{"line":266,"column":56}},"98":{"start":{"line":267,"column":8},"end":{"line":267,"column":79}},"99":{"start":{"line":272,"column":8},"end":{"line":272,"column":32}},"100":{"start":{"line":273,"column":8},"end":{"line":273,"column":32}},"101":{"start":{"line":274,"column":8},"end":{"line":274,"column":10421}},"102":{"start":{"line":279,"column":8},"end":{"line":279,"column":10566}},"103":{"start":{"line":288,"column":8},"end":{"line":288,"column":10794}}},"branchMap":{"1":{"line":35,"type":"if","locations":[{"start":{"line":35,"column":8},"end":{"line":35,"column":8}},{"start":{"line":35,"column":8},"end":{"line":35,"column":8}}]},"2":{"line":63,"type":"if","locations":[{"start":{"line":63,"column":8},"end":{"line":63,"column":8}},{"start":{"line":63,"column":8},"end":{"line":63,"column":8}}]},"3":{"line":92,"type":"if","locations":[{"start":{"line":92,"column":8},"end":{"line":92,"column":8}},{"start":{"line":92,"column":8},"end":{"line":92,"column":8}}]},"4":{"line":104,"type":"if","locations":[{"start":{"line":104,"column":8},"end":{"line":104,"column":8}},{"start":{"line":104,"column":8},"end":{"line":104,"column":8}}]},"5":{"line":110,"type":"if","locations":[{"start":{"line":110,"column":8},"end":{"line":110,"column":8}},{"start":{"line":110,"column":8},"end":{"line":110,"column":8}}]},"6":{"line":133,"type":"if","locations":[{"start":{"line":133,"column":8},"end":{"line":133,"column":8}},{"start":{"line":133,"column":8},"end":{"line":133,"column":8}}]},"7":{"line":134,"type":"if","locations":[{"start":{"line":134,"column":12},"end":{"line":134,"column":12}},{"start":{"line":134,"column":12},"end":{"line":134,"column":12}}]},"8":{"line":137,"type":"if","locations":[{"start":{"line":137,"column":16},"end":{"line":137,"column":16}},{"start":{"line":137,"column":16},"end":{"line":137,"column":16}}]},"9":{"line":141,"type":"if","locations":[{"start":{"line":141,"column":20},"end":{"line":141,"column":20}},{"start":{"line":141,"column":20},"end":{"line":141,"column":20}}]},"10":{"line":144,"type":"if","locations":[{"start":{"line":144,"column":15},"end":{"line":144,"column":15}},{"start":{"line":144,"column":15},"end":{"line":144,"column":15}}]},"11":{"line":159,"type":"if","locations":[{"start":{"line":159,"column":8},"end":{"line":159,"column":8}},{"start":{"line":159,"column":8},"end":{"line":159,"column":8}}]},"12":{"line":168,"type":"if","locations":[{"start":{"line":168,"column":8},"end":{"line":168,"column":8}},{"start":{"line":168,"column":8},"end":{"line":168,"column":8}}]},"13":{"line":172,"type":"if","locations":[{"start":{"line":172,"column":8},"end":{"line":172,"column":8}},{"start":{"line":172,"column":8},"end":{"line":172,"column":8}}]},"14":{"line":193,"type":"if","locations":[{"start":{"line":193,"column":8},"end":{"line":193,"column":8}},{"start":{"line":193,"column":8},"end":{"line":193,"column":8}}]},"15":{"line":205,"type":"if","locations":[{"start":{"line":205,"column":8},"end":{"line":205,"column":8}},{"start":{"line":205,"column":8},"end":{"line":205,"column":8}}]},"16":{"line":216,"type":"if","locations":[{"start":{"line":216,"column":8},"end":{"line":216,"column":8}},{"start":{"line":216,"column":8},"end":{"line":216,"column":8}}]},"17":{"line":221,"type":"if","locations":[{"start":{"line":221,"column":8},"end":{"line":221,"column":8}},{"start":{"line":221,"column":8},"end":{"line":221,"column":8}}]},"18":{"line":232,"type":"if","locations":[{"start":{"line":232,"column":12},"end":{"line":232,"column":12}},{"start":{"line":232,"column":12},"end":{"line":232,"column":12}}]},"19":{"line":233,"type":"if","locations":[{"start":{"line":233,"column":12},"end":{"line":233,"column":12}},{"start":{"line":233,"column":12},"end":{"line":233,"column":12}}]},"20":{"line":234,"type":"if","locations":[{"start":{"line":234,"column":12},"end":{"line":234,"column":12}},{"start":{"line":234,"column":12},"end":{"line":234,"column":12}}]},"21":{"line":235,"type":"if","locations":[{"start":{"line":235,"column":12},"end":{"line":235,"column":12}},{"start":{"line":235,"column":12},"end":{"line":235,"column":12}}]},"22":{"line":251,"type":"if","locations":[{"start":{"line":251,"column":8},"end":{"line":251,"column":8}},{"start":{"line":251,"column":8},"end":{"line":251,"column":8}}]},"23":{"line":259,"type":"if","locations":[{"start":{"line":259,"column":12},"end":{"line":259,"column":12}},{"start":{"line":259,"column":12},"end":{"line":259,"column":12}}]}}},"contracts/uniswapv2/UniswapV2Router02.sol":{"l":{"18":0,"19":0,"23":75,"24":75,"28":0,"38":0,"39":0,"40":0,"41":0,"42":0,"46":0,"50":0,"62":0,"63":0,"67":0,"73":0,"83":0,"84":0,"88":0,"94":0,"109":0,"110":0,"111":0,"115":0,"116":0,"122":0,"132":0,"133":0,"134":0,"138":0,"144":0,"145":0,"146":0,"156":0,"157":0,"158":0,"162":0,"168":0,"169":0,"170":0,"185":0,"186":0,"187":0,"191":0,"192":0,"198":0,"200":0,"201":0,"210":0,"211":0,"212":0,"213":0,"217":0,"218":0,"219":0,"221":0,"222":0,"226":0,"229":0,"235":0,"239":0,"243":0,"254":0,"260":0,"261":0,"262":0,"275":0,"276":0,"277":0,"278":0,"284":0,"285":0,"286":0,"300":0,"301":0,"307":0,"308":0,"309":0,"313":0,"314":0,"323":178,"331":11,"339":0,"348":0,"357":0},"path":"/home/justin/weidai ecosystem/LiquidQueue/contracts/uniswapv2/UniswapV2Router02.sol","s":{"1":0,"2":75,"3":75,"4":0,"5":0,"6":0,"7":0,"8":0,"9":0,"10":0,"11":0,"12":0,"13":0,"14":0,"15":0,"16":0,"17":0,"18":0,"19":0,"20":0,"21":0,"22":0,"23":0,"24":0,"25":0,"26":0,"27":0,"28":0,"29":0,"30":0,"31":0,"32":0,"33":0,"34":0,"35":0,"36":0,"37":0,"38":0,"39":0,"40":0,"41":0,"42":0,"43":0,"44":0,"45":0,"46":0,"47":0,"48":0,"49":0,"50":0,"51":0,"52":0,"53":0,"54":0,"55":0,"56":0,"57":0,"58":0,"59":0,"60":0,"61":0,"62":0,"63":0,"64":0,"65":0,"66":0,"67":0,"68":0,"69":0,"70":0,"71":0,"72":0,"73":0,"74":0,"75":0,"76":0,"77":0,"78":178,"79":11,"80":0,"81":0,"82":0},"b":{"1":[0,0],"2":[0,0],"3":[0,0],"4":[0,0],"5":[0,0],"6":[0,0],"7":[0,0],"8":[0,0],"9":[0,0],"10":[0,0],"11":[0,0],"12":[0,0],"13":[0,0],"14":[0,0],"15":[0,0],"16":[0,0],"17":[0,0]},"f":{"1":0,"2":75,"3":0,"4":0,"5":0,"6":0,"7":0,"8":0,"9":0,"10":0,"11":0,"12":0,"13":0,"14":178,"15":11,"16":0,"17":0,"18":0},"fnMap":{"1":{"name":"ensure","line":17,"loc":{"start":{"line":17,"column":4},"end":{"line":20,"column":4}}},"2":{"name":"constructor","line":22,"loc":{"start":{"line":22,"column":4},"end":{"line":25,"column":4}}},"3":{"name":"_swap","line":33,"loc":{"start":{"line":33,"column":4},"end":{"line":53,"column":4}}},"4":{"name":"swapExactTokensForTokens","line":61,"loc":{"start":{"line":55,"column":4},"end":{"line":74,"column":4}}},"5":{"name":"swapTokensForExactTokens","line":82,"loc":{"start":{"line":76,"column":4},"end":{"line":95,"column":4}}},"6":{"name":"swapExactETHForTokens","line":106,"loc":{"start":{"line":97,"column":4},"end":{"line":123,"column":4}}},"7":{"name":"swapTokensForExactETH","line":131,"loc":{"start":{"line":125,"column":4},"end":{"line":147,"column":4}}},"8":{"name":"swapExactTokensForETH","line":155,"loc":{"start":{"line":149,"column":4},"end":{"line":171,"column":4}}},"9":{"name":"swapETHForExactTokens","line":182,"loc":{"start":{"line":173,"column":4},"end":{"line":202,"column":4}}},"10":{"name":"_swapSupportingFeeOnTransferTokens","line":206,"loc":{"start":{"line":206,"column":4},"end":{"line":245,"column":4}}},"11":{"name":"swapExactTokensForTokensSupportingFeeOnTransferTokens","line":253,"loc":{"start":{"line":247,"column":4},"end":{"line":267,"column":4}}},"12":{"name":"swapExactETHForTokensSupportingFeeOnTransferTokens","line":274,"loc":{"start":{"line":269,"column":4},"end":{"line":291,"column":4}}},"13":{"name":"swapExactTokensForETHSupportingFeeOnTransferTokens","line":299,"loc":{"start":{"line":293,"column":4},"end":{"line":315,"column":4}}},"14":{"name":"quote","line":318,"loc":{"start":{"line":318,"column":4},"end":{"line":324,"column":4}}},"15":{"name":"getAmountOut","line":326,"loc":{"start":{"line":326,"column":4},"end":{"line":332,"column":4}}},"16":{"name":"getAmountIn","line":334,"loc":{"start":{"line":334,"column":4},"end":{"line":340,"column":4}}},"17":{"name":"getAmountsOut","line":342,"loc":{"start":{"line":342,"column":4},"end":{"line":349,"column":4}}},"18":{"name":"getAmountsIn","line":351,"loc":{"start":{"line":351,"column":4},"end":{"line":358,"column":4}}}},"statementMap":{"1":{"start":{"line":18,"column":8},"end":{"line":18,"column":71}},"2":{"start":{"line":23,"column":8},"end":{"line":23,"column":25}},"3":{"start":{"line":24,"column":8},"end":{"line":24,"column":19}},"4":{"start":{"line":38,"column":8},"end":{"line":38,"column":1031}},"5":{"start":{"line":39,"column":12},"end":{"line":39,"column":68}},"6":{"start":{"line":40,"column":12},"end":{"line":40,"column":75}},"7":{"start":{"line":41,"column":12},"end":{"line":41,"column":46}},"8":{"start":{"line":42,"column":12},"end":{"line":42,"column":1319}},"9":{"start":{"line":46,"column":12},"end":{"line":46,"column":1479}},"10":{"start":{"line":50,"column":12},"end":{"line":50,"column":1681}},"11":{"start":{"line":62,"column":8},"end":{"line":62,"column":72}},"12":{"start":{"line":63,"column":8},"end":{"line":63,"column":2107}},"13":{"start":{"line":67,"column":8},"end":{"line":67,"column":2250}},"14":{"start":{"line":73,"column":8},"end":{"line":73,"column":31}},"15":{"start":{"line":83,"column":8},"end":{"line":83,"column":72}},"16":{"start":{"line":84,"column":8},"end":{"line":84,"column":2801}},"17":{"start":{"line":88,"column":8},"end":{"line":88,"column":2922}},"18":{"start":{"line":94,"column":8},"end":{"line":94,"column":31}},"19":{"start":{"line":109,"column":8},"end":{"line":109,"column":64}},"20":{"start":{"line":110,"column":8},"end":{"line":110,"column":73}},"21":{"start":{"line":111,"column":8},"end":{"line":111,"column":3564}},"22":{"start":{"line":115,"column":8},"end":{"line":115,"column":47}},"23":{"start":{"line":116,"column":8},"end":{"line":116,"column":3757}},"24":{"start":{"line":122,"column":8},"end":{"line":122,"column":31}},"25":{"start":{"line":132,"column":8},"end":{"line":132,"column":78}},"26":{"start":{"line":133,"column":8},"end":{"line":133,"column":72}},"27":{"start":{"line":134,"column":8},"end":{"line":134,"column":4372}},"28":{"start":{"line":138,"column":8},"end":{"line":138,"column":4493}},"29":{"start":{"line":144,"column":8},"end":{"line":144,"column":42}},"30":{"start":{"line":145,"column":8},"end":{"line":145,"column":56}},"31":{"start":{"line":146,"column":8},"end":{"line":146,"column":70}},"32":{"start":{"line":156,"column":8},"end":{"line":156,"column":78}},"33":{"start":{"line":157,"column":8},"end":{"line":157,"column":72}},"34":{"start":{"line":158,"column":8},"end":{"line":158,"column":5265}},"35":{"start":{"line":162,"column":8},"end":{"line":162,"column":5408}},"36":{"start":{"line":168,"column":8},"end":{"line":168,"column":42}},"37":{"start":{"line":169,"column":8},"end":{"line":169,"column":56}},"38":{"start":{"line":170,"column":8},"end":{"line":170,"column":70}},"39":{"start":{"line":185,"column":8},"end":{"line":185,"column":64}},"40":{"start":{"line":186,"column":8},"end":{"line":186,"column":72}},"41":{"start":{"line":187,"column":8},"end":{"line":187,"column":6189}},"42":{"start":{"line":191,"column":8},"end":{"line":191,"column":47}},"43":{"start":{"line":192,"column":8},"end":{"line":192,"column":6358}},"44":{"start":{"line":198,"column":8},"end":{"line":198,"column":31}},"45":{"start":{"line":200,"column":8},"end":{"line":200,"column":6668}},"46":{"start":{"line":201,"column":12},"end":{"line":201,"column":77}},"47":{"start":{"line":210,"column":8},"end":{"line":210,"column":6983}},"48":{"start":{"line":211,"column":12},"end":{"line":211,"column":68}},"49":{"start":{"line":212,"column":12},"end":{"line":212,"column":75}},"50":{"start":{"line":213,"column":12},"end":{"line":213,"column":7195}},"51":{"start":{"line":217,"column":12},"end":{"line":217,"column":31}},"52":{"start":{"line":218,"column":12},"end":{"line":218,"column":32}},"53":{"start":{"line":221,"column":16},"end":{"line":221,"column":75}},"54":{"start":{"line":222,"column":16},"end":{"line":222,"column":7596}},"55":{"start":{"line":226,"column":16},"end":{"line":226,"column":7761}},"56":{"start":{"line":229,"column":16},"end":{"line":229,"column":7887}},"57":{"start":{"line":235,"column":12},"end":{"line":235,"column":8111}},"58":{"start":{"line":239,"column":12},"end":{"line":239,"column":8274}},"59":{"start":{"line":243,"column":12},"end":{"line":243,"column":62}},"60":{"start":{"line":254,"column":8},"end":{"line":254,"column":8744}},"61":{"start":{"line":260,"column":8},"end":{"line":260,"column":75}},"62":{"start":{"line":261,"column":8},"end":{"line":261,"column":51}},"63":{"start":{"line":262,"column":8},"end":{"line":262,"column":9058}},"64":{"start":{"line":275,"column":8},"end":{"line":275,"column":64}},"65":{"start":{"line":276,"column":8},"end":{"line":276,"column":36}},"66":{"start":{"line":277,"column":8},"end":{"line":277,"column":45}},"67":{"start":{"line":278,"column":8},"end":{"line":278,"column":9635}},"68":{"start":{"line":284,"column":8},"end":{"line":284,"column":75}},"69":{"start":{"line":285,"column":8},"end":{"line":285,"column":51}},"70":{"start":{"line":286,"column":8},"end":{"line":286,"column":9935}},"71":{"start":{"line":300,"column":8},"end":{"line":300,"column":78}},"72":{"start":{"line":301,"column":8},"end":{"line":301,"column":10458}},"73":{"start":{"line":307,"column":8},"end":{"line":307,"column":62}},"74":{"start":{"line":308,"column":8},"end":{"line":308,"column":65}},"75":{"start":{"line":309,"column":8},"end":{"line":309,"column":10773}},"76":{"start":{"line":313,"column":8},"end":{"line":313,"column":38}},"77":{"start":{"line":314,"column":8},"end":{"line":314,"column":52}},"78":{"start":{"line":323,"column":8},"end":{"line":323,"column":66}},"79":{"start":{"line":331,"column":8},"end":{"line":331,"column":77}},"80":{"start":{"line":339,"column":8},"end":{"line":339,"column":77}},"81":{"start":{"line":348,"column":8},"end":{"line":348,"column":70}},"82":{"start":{"line":357,"column":8},"end":{"line":357,"column":70}}},"branchMap":{"1":{"line":18,"type":"if","locations":[{"start":{"line":18,"column":8},"end":{"line":18,"column":8}},{"start":{"line":18,"column":8},"end":{"line":18,"column":8}}]},"2":{"line":63,"type":"if","locations":[{"start":{"line":63,"column":8},"end":{"line":63,"column":8}},{"start":{"line":63,"column":8},"end":{"line":63,"column":8}}]},"3":{"line":84,"type":"if","locations":[{"start":{"line":84,"column":8},"end":{"line":84,"column":8}},{"start":{"line":84,"column":8},"end":{"line":84,"column":8}}]},"4":{"line":109,"type":"if","locations":[{"start":{"line":109,"column":8},"end":{"line":109,"column":8}},{"start":{"line":109,"column":8},"end":{"line":109,"column":8}}]},"5":{"line":111,"type":"if","locations":[{"start":{"line":111,"column":8},"end":{"line":111,"column":8}},{"start":{"line":111,"column":8},"end":{"line":111,"column":8}}]},"6":{"line":132,"type":"if","locations":[{"start":{"line":132,"column":8},"end":{"line":132,"column":8}},{"start":{"line":132,"column":8},"end":{"line":132,"column":8}}]},"7":{"line":134,"type":"if","locations":[{"start":{"line":134,"column":8},"end":{"line":134,"column":8}},{"start":{"line":134,"column":8},"end":{"line":134,"column":8}}]},"8":{"line":156,"type":"if","locations":[{"start":{"line":156,"column":8},"end":{"line":156,"column":8}},{"start":{"line":156,"column":8},"end":{"line":156,"column":8}}]},"9":{"line":158,"type":"if","locations":[{"start":{"line":158,"column":8},"end":{"line":158,"column":8}},{"start":{"line":158,"column":8},"end":{"line":158,"column":8}}]},"10":{"line":185,"type":"if","locations":[{"start":{"line":185,"column":8},"end":{"line":185,"column":8}},{"start":{"line":185,"column":8},"end":{"line":185,"column":8}}]},"11":{"line":187,"type":"if","locations":[{"start":{"line":187,"column":8},"end":{"line":187,"column":8}},{"start":{"line":187,"column":8},"end":{"line":187,"column":8}}]},"12":{"line":200,"type":"if","locations":[{"start":{"line":200,"column":8},"end":{"line":200,"column":8}},{"start":{"line":200,"column":8},"end":{"line":200,"column":8}}]},"13":{"line":262,"type":"if","locations":[{"start":{"line":262,"column":8},"end":{"line":262,"column":8}},{"start":{"line":262,"column":8},"end":{"line":262,"column":8}}]},"14":{"line":275,"type":"if","locations":[{"start":{"line":275,"column":8},"end":{"line":275,"column":8}},{"start":{"line":275,"column":8},"end":{"line":275,"column":8}}]},"15":{"line":286,"type":"if","locations":[{"start":{"line":286,"column":8},"end":{"line":286,"column":8}},{"start":{"line":286,"column":8},"end":{"line":286,"column":8}}]},"16":{"line":300,"type":"if","locations":[{"start":{"line":300,"column":8},"end":{"line":300,"column":8}},{"start":{"line":300,"column":8},"end":{"line":300,"column":8}}]},"17":{"line":309,"type":"if","locations":[{"start":{"line":309,"column":8},"end":{"line":309,"column":8}},{"start":{"line":309,"column":8},"end":{"line":309,"column":8}}]}}},"contracts/uniswapv2/WETH.sol":{"l":{"11":2,"15":0,"16":0,"17":0,"18":0},"path":"/home/justin/weidai ecosystem/LiquidQueue/contracts/uniswapv2/WETH.sol","s":{"1":2,"2":0,"3":0,"4":0,"5":0},"b":{"1":[0,0]},"f":{"1":75,"2":2,"3":0},"fnMap":{"1":{"name":"constructor","line":8,"loc":{"start":{"line":8,"column":4},"end":{"line":8,"column":60}}},"2":{"name":"deposit","line":10,"loc":{"start":{"line":10,"column":4},"end":{"line":12,"column":4}}},"3":{"name":"withdraw","line":14,"loc":{"start":{"line":14,"column":4},"end":{"line":19,"column":4}}}},"statementMap":{"1":{"start":{"line":11,"column":8},"end":{"line":11,"column":35}},"2":{"start":{"line":15,"column":8},"end":{"line":15,"column":31}},"3":{"start":{"line":16,"column":8},"end":{"line":16,"column":43}},"4":{"start":{"line":17,"column":8},"end":{"line":17,"column":56}},"5":{"start":{"line":18,"column":8},"end":{"line":18,"column":45}}},"branchMap":{"1":{"line":18,"type":"if","locations":[{"start":{"line":18,"column":8},"end":{"line":18,"column":8}},{"start":{"line":18,"column":8},"end":{"line":18,"column":8}}]}}}}